{"contracts/core/governance/BasketGovernance.sol":{"l":{"118":4,"119":4,"120":4,"121":4,"142":2,"147":0,"148":0,"150":0,"151":0,"152":0,"153":0,"154":0,"155":0,"156":0,"157":0,"158":0,"159":0,"160":0,"162":0,"172":0,"181":0,"182":0,"189":0,"191":0,"192":0,"194":0,"195":0,"197":0,"198":0,"200":0,"201":0,"203":0,"205":0,"208":0,"216":0,"218":0,"219":0,"221":0,"229":0,"231":0,"232":0,"234":0,"236":0,"237":0,"238":0,"241":0,"249":0,"250":0,"254":0,"257":0,"259":0,"268":0,"270":0,"272":0,"273":0,"276":0,"278":0,"279":0,"283":0,"284":0,"286":0,"287":0,"290":0,"291":0,"292":0,"293":0,"295":0,"297":0,"299":0,"303":0,"304":0,"307":0,"316":2,"319":2,"320":2,"321":0,"324":0,"332":0,"334":0,"335":0,"338":0,"340":0,"341":0,"344":0,"363":0,"365":0,"367":0,"394":0,"396":0,"398":0,"416":0,"417":0,"427":0,"435":0,"436":0,"444":0,"445":0,"453":0},"path":"/Users/huangbozhang/Desktop/staking/contracts/core/governance/BasketGovernance.sol","s":{"1":4,"2":4,"3":2,"4":0,"5":0,"6":0,"7":0,"8":0,"9":0,"10":0,"11":0,"12":0,"13":0,"14":0,"15":0,"16":0,"17":0,"18":0,"19":0,"20":0,"21":0,"22":0,"23":0,"24":0,"25":0,"26":0,"27":0,"28":0,"29":0,"30":0,"31":0,"32":0,"33":0,"34":0,"35":0,"36":0,"37":0,"38":0,"39":0,"40":0,"41":0,"42":0,"43":0,"44":0,"45":0,"46":0,"47":0,"48":0,"49":0,"50":0,"51":0,"52":0,"53":2,"54":2,"55":2,"56":0,"57":0,"58":0,"59":0,"60":0,"61":0,"62":0,"63":0,"64":0,"65":0,"66":0,"67":0,"68":0,"69":0,"70":0,"71":0},"b":{"1":[4,0],"2":[4,0],"3":[0,2],"4":[0,0],"5":[0,0],"6":[0,0],"7":[0,0],"8":[0,0],"9":[0,0],"10":[0,0],"11":[0,0],"12":[0,0],"13":[0,0],"14":[0,0],"15":[0,0],"16":[0,0],"17":[0,0],"18":[0,0],"19":[0,0],"20":[0,0],"21":[0,0],"22":[0,0],"23":[0,0],"24":[0,0],"25":[0,0],"26":[0,0],"27":[0,0],"28":[2,0],"29":[0,0],"30":[0,0],"31":[0,0],"32":[0,0],"33":[0,0],"34":[0,0],"35":[0,0],"36":[0,0],"37":[0,0],"38":[0,0]},"f":{"1":4,"2":2,"3":0,"4":0,"5":0,"6":0,"7":0,"8":0,"9":2,"10":0,"11":0,"12":0,"13":0,"14":0,"15":0,"16":0,"17":0},"fnMap":{"1":{"name":"constructor","line":117,"loc":{"start":{"line":113,"column":4},"end":{"line":123,"column":4}}},"2":{"name":"propose","line":134,"loc":{"start":{"line":134,"column":4},"end":{"line":173,"column":4}}},"3":{"name":"castVote","line":180,"loc":{"start":{"line":180,"column":4},"end":{"line":183,"column":4}}},"4":{"name":"_castVote","line":188,"loc":{"start":{"line":188,"column":4},"end":{"line":209,"column":4}}},"5":{"name":"queue","line":215,"loc":{"start":{"line":215,"column":4},"end":{"line":222,"column":4}}},"6":{"name":"execute","line":228,"loc":{"start":{"line":228,"column":4},"end":{"line":242,"column":4}}},"7":{"name":"cancel","line":248,"loc":{"start":{"line":248,"column":4},"end":{"line":260,"column":4}}},"8":{"name":"state","line":267,"loc":{"start":{"line":267,"column":4},"end":{"line":308,"column":4}}},"9":{"name":"getVotingPower","line":315,"loc":{"start":{"line":315,"column":4},"end":{"line":325,"column":4}}},"10":{"name":"delegate","line":331,"loc":{"start":{"line":331,"column":4},"end":{"line":345,"column":4}}},"11":{"name":"getProposalDetails","line":356,"loc":{"start":{"line":356,"column":4},"end":{"line":374,"column":4}}},"12":{"name":"getProposalVoting","line":386,"loc":{"start":{"line":386,"column":4},"end":{"line":406,"column":4}}},"13":{"name":"getVote","line":415,"loc":{"start":{"line":415,"column":4},"end":{"line":418,"column":4}}},"14":{"name":"setProposalThreshold","line":426,"loc":{"start":{"line":426,"column":4},"end":{"line":428,"column":4}}},"15":{"name":"setQuorumPercentage","line":434,"loc":{"start":{"line":434,"column":4},"end":{"line":437,"column":4}}},"16":{"name":"setMajorityPercentage","line":443,"loc":{"start":{"line":443,"column":4},"end":{"line":446,"column":4}}},"17":{"name":"setBasketStaking","line":452,"loc":{"start":{"line":452,"column":4},"end":{"line":454,"column":4}}}},"statementMap":{"1":{"start":{"line":118,"column":8},"end":{"line":118,"column":85}},"2":{"start":{"line":120,"column":8},"end":{"line":120,"column":3619}},"3":{"start":{"line":142,"column":8},"end":{"line":142,"column":4365}},"4":{"start":{"line":148,"column":8},"end":{"line":148,"column":42}},"5":{"start":{"line":150,"column":8},"end":{"line":150,"column":60}},"6":{"start":{"line":162,"column":8},"end":{"line":162,"column":5112}},"7":{"start":{"line":172,"column":8},"end":{"line":172,"column":25}},"8":{"start":{"line":181,"column":8},"end":{"line":181,"column":67}},"9":{"start":{"line":182,"column":8},"end":{"line":182,"column":57}},"10":{"start":{"line":189,"column":8},"end":{"line":189,"column":95}},"11":{"start":{"line":191,"column":8},"end":{"line":191,"column":57}},"12":{"start":{"line":192,"column":8},"end":{"line":192,"column":82}},"13":{"start":{"line":194,"column":8},"end":{"line":194,"column":46}},"14":{"start":{"line":195,"column":8},"end":{"line":195,"column":63}},"15":{"start":{"line":200,"column":8},"end":{"line":200,"column":6376}},"16":{"start":{"line":202,"column":15},"end":{"line":202,"column":6456}},"17":{"start":{"line":208,"column":8},"end":{"line":208,"column":57}},"18":{"start":{"line":216,"column":8},"end":{"line":216,"column":104}},"19":{"start":{"line":218,"column":8},"end":{"line":218,"column":57}},"20":{"start":{"line":221,"column":8},"end":{"line":221,"column":63}},"21":{"start":{"line":229,"column":8},"end":{"line":229,"column":98}},"22":{"start":{"line":231,"column":8},"end":{"line":231,"column":57}},"23":{"start":{"line":232,"column":8},"end":{"line":232,"column":102}},"24":{"start":{"line":236,"column":8},"end":{"line":236,"column":7685}},"25":{"start":{"line":237,"column":12},"end":{"line":237,"column":93}},"26":{"start":{"line":238,"column":12},"end":{"line":238,"column":65}},"27":{"start":{"line":241,"column":8},"end":{"line":241,"column":41}},"28":{"start":{"line":249,"column":8},"end":{"line":249,"column":57}},"29":{"start":{"line":250,"column":8},"end":{"line":250,"column":8236}},"30":{"start":{"line":254,"column":8},"end":{"line":254,"column":112}},"31":{"start":{"line":259,"column":8},"end":{"line":259,"column":41}},"32":{"start":{"line":268,"column":8},"end":{"line":268,"column":102}},"33":{"start":{"line":270,"column":8},"end":{"line":270,"column":57}},"34":{"start":{"line":272,"column":8},"end":{"line":272,"column":9082}},"35":{"start":{"line":273,"column":12},"end":{"line":273,"column":41}},"36":{"start":{"line":276,"column":8},"end":{"line":276,"column":9177}},"37":{"start":{"line":278,"column":12},"end":{"line":278,"column":9282}},"38":{"start":{"line":279,"column":16},"end":{"line":279,"column":45}},"39":{"start":{"line":283,"column":12},"end":{"line":283,"column":98}},"40":{"start":{"line":284,"column":12},"end":{"line":284,"column":81}},"41":{"start":{"line":286,"column":12},"end":{"line":286,"column":9654}},"42":{"start":{"line":287,"column":16},"end":{"line":287,"column":45}},"43":{"start":{"line":290,"column":12},"end":{"line":290,"column":9767}},"44":{"start":{"line":291,"column":16},"end":{"line":291,"column":9885}},"45":{"start":{"line":292,"column":20},"end":{"line":292,"column":9943}},"46":{"start":{"line":293,"column":24},"end":{"line":293,"column":52}},"47":{"start":{"line":295,"column":20},"end":{"line":295,"column":47}},"48":{"start":{"line":297,"column":16},"end":{"line":297,"column":46}},"49":{"start":{"line":299,"column":16},"end":{"line":299,"column":45}},"50":{"start":{"line":303,"column":8},"end":{"line":303,"column":10288}},"51":{"start":{"line":304,"column":12},"end":{"line":304,"column":39}},"52":{"start":{"line":307,"column":8},"end":{"line":307,"column":36}},"53":{"start":{"line":316,"column":8},"end":{"line":316,"column":90}},"54":{"start":{"line":319,"column":8},"end":{"line":319,"column":10889}},"55":{"start":{"line":320,"column":12},"end":{"line":320,"column":75}},"56":{"start":{"line":321,"column":12},"end":{"line":321,"column":57}},"57":{"start":{"line":324,"column":8},"end":{"line":324,"column":30}},"58":{"start":{"line":332,"column":8},"end":{"line":332,"column":55}},"59":{"start":{"line":334,"column":8},"end":{"line":334,"column":11379}},"60":{"start":{"line":340,"column":8},"end":{"line":340,"column":11577}},"61":{"start":{"line":344,"column":8},"end":{"line":344,"column":68}},"62":{"start":{"line":363,"column":8},"end":{"line":363,"column":102}},"63":{"start":{"line":365,"column":8},"end":{"line":365,"column":50}},"64":{"start":{"line":367,"column":8},"end":{"line":367,"column":12498}},"65":{"start":{"line":394,"column":8},"end":{"line":394,"column":102}},"66":{"start":{"line":396,"column":8},"end":{"line":396,"column":50}},"67":{"start":{"line":398,"column":8},"end":{"line":398,"column":13428}},"68":{"start":{"line":416,"column":8},"end":{"line":416,"column":57}},"69":{"start":{"line":417,"column":8},"end":{"line":417,"column":64}},"70":{"start":{"line":435,"column":8},"end":{"line":435,"column":93}},"71":{"start":{"line":444,"column":8},"end":{"line":444,"column":95}}},"branchMap":{"1":{"line":118,"type":"if","locations":[{"start":{"line":118,"column":8},"end":{"line":118,"column":8}},{"start":{"line":118,"column":8},"end":{"line":118,"column":8}}]},"2":{"line":120,"type":"if","locations":[{"start":{"line":120,"column":8},"end":{"line":120,"column":8}},{"start":{"line":120,"column":8},"end":{"line":120,"column":8}}]},"3":{"line":142,"type":"if","locations":[{"start":{"line":142,"column":8},"end":{"line":142,"column":8}},{"start":{"line":142,"column":8},"end":{"line":142,"column":8}}]},"4":{"line":181,"type":"if","locations":[{"start":{"line":181,"column":8},"end":{"line":181,"column":8}},{"start":{"line":181,"column":8},"end":{"line":181,"column":8}}]},"5":{"line":189,"type":"if","locations":[{"start":{"line":189,"column":8},"end":{"line":189,"column":8}},{"start":{"line":189,"column":8},"end":{"line":189,"column":8}}]},"6":{"line":192,"type":"if","locations":[{"start":{"line":192,"column":8},"end":{"line":192,"column":8}},{"start":{"line":192,"column":8},"end":{"line":192,"column":8}}]},"7":{"line":195,"type":"if","locations":[{"start":{"line":195,"column":8},"end":{"line":195,"column":8}},{"start":{"line":195,"column":8},"end":{"line":195,"column":8}}]},"8":{"line":200,"type":"if","locations":[{"start":{"line":200,"column":8},"end":{"line":200,"column":8}},{"start":{"line":200,"column":8},"end":{"line":200,"column":8}}]},"9":{"line":202,"type":"if","locations":[{"start":{"line":202,"column":15},"end":{"line":202,"column":15}},{"start":{"line":202,"column":15},"end":{"line":202,"column":15}}]},"10":{"line":216,"type":"if","locations":[{"start":{"line":216,"column":8},"end":{"line":216,"column":8}},{"start":{"line":216,"column":8},"end":{"line":216,"column":8}}]},"11":{"line":228,"type":"if","locations":[{"start":{"line":228,"column":58},"end":{"line":228,"column":58}},{"start":{"line":228,"column":58},"end":{"line":228,"column":58}}]},"12":{"line":229,"type":"if","locations":[{"start":{"line":229,"column":8},"end":{"line":229,"column":8}},{"start":{"line":229,"column":8},"end":{"line":229,"column":8}}]},"13":{"line":232,"type":"if","locations":[{"start":{"line":232,"column":8},"end":{"line":232,"column":8}},{"start":{"line":232,"column":8},"end":{"line":232,"column":8}}]},"14":{"line":236,"type":"if","locations":[{"start":{"line":236,"column":8},"end":{"line":236,"column":8}},{"start":{"line":236,"column":8},"end":{"line":236,"column":8}}]},"15":{"line":238,"type":"if","locations":[{"start":{"line":238,"column":12},"end":{"line":238,"column":12}},{"start":{"line":238,"column":12},"end":{"line":238,"column":12}}]},"16":{"line":250,"type":"if","locations":[{"start":{"line":250,"column":8},"end":{"line":250,"column":8}},{"start":{"line":250,"column":8},"end":{"line":250,"column":8}}]},"17":{"line":251,"type":"cond-expr","locations":[{"start":{"line":251,"column":12},"end":{"line":251,"column":42}},{"start":{"line":251,"column":47},"end":{"line":251,"column":67}}]},"18":{"line":254,"type":"if","locations":[{"start":{"line":254,"column":8},"end":{"line":254,"column":8}},{"start":{"line":254,"column":8},"end":{"line":254,"column":8}}]},"19":{"line":268,"type":"if","locations":[{"start":{"line":268,"column":8},"end":{"line":268,"column":8}},{"start":{"line":268,"column":8},"end":{"line":268,"column":8}}]},"20":{"line":272,"type":"if","locations":[{"start":{"line":272,"column":8},"end":{"line":272,"column":8}},{"start":{"line":272,"column":8},"end":{"line":272,"column":8}}]},"21":{"line":276,"type":"if","locations":[{"start":{"line":276,"column":8},"end":{"line":276,"column":8}},{"start":{"line":276,"column":8},"end":{"line":276,"column":8}}]},"22":{"line":278,"type":"if","locations":[{"start":{"line":278,"column":12},"end":{"line":278,"column":12}},{"start":{"line":278,"column":12},"end":{"line":278,"column":12}}]},"23":{"line":286,"type":"if","locations":[{"start":{"line":286,"column":12},"end":{"line":286,"column":12}},{"start":{"line":286,"column":12},"end":{"line":286,"column":12}}]},"24":{"line":290,"type":"if","locations":[{"start":{"line":290,"column":12},"end":{"line":290,"column":12}},{"start":{"line":290,"column":12},"end":{"line":290,"column":12}}]},"25":{"line":291,"type":"if","locations":[{"start":{"line":291,"column":16},"end":{"line":291,"column":16}},{"start":{"line":291,"column":16},"end":{"line":291,"column":16}}]},"26":{"line":292,"type":"if","locations":[{"start":{"line":292,"column":20},"end":{"line":292,"column":20}},{"start":{"line":292,"column":20},"end":{"line":292,"column":20}}]},"27":{"line":303,"type":"if","locations":[{"start":{"line":303,"column":8},"end":{"line":303,"column":8}},{"start":{"line":303,"column":8},"end":{"line":303,"column":8}}]},"28":{"line":319,"type":"if","locations":[{"start":{"line":319,"column":8},"end":{"line":319,"column":8}},{"start":{"line":319,"column":8},"end":{"line":319,"column":8}}]},"29":{"line":334,"type":"if","locations":[{"start":{"line":334,"column":8},"end":{"line":334,"column":8}},{"start":{"line":334,"column":8},"end":{"line":334,"column":8}}]},"30":{"line":340,"type":"if","locations":[{"start":{"line":340,"column":8},"end":{"line":340,"column":8}},{"start":{"line":340,"column":8},"end":{"line":340,"column":8}}]},"31":{"line":363,"type":"if","locations":[{"start":{"line":363,"column":8},"end":{"line":363,"column":8}},{"start":{"line":363,"column":8},"end":{"line":363,"column":8}}]},"32":{"line":394,"type":"if","locations":[{"start":{"line":394,"column":8},"end":{"line":394,"column":8}},{"start":{"line":394,"column":8},"end":{"line":394,"column":8}}]},"33":{"line":426,"type":"if","locations":[{"start":{"line":426,"column":63},"end":{"line":426,"column":63}},{"start":{"line":426,"column":63},"end":{"line":426,"column":63}}]},"34":{"line":434,"type":"if","locations":[{"start":{"line":434,"column":63},"end":{"line":434,"column":63}},{"start":{"line":434,"column":63},"end":{"line":434,"column":63}}]},"35":{"line":435,"type":"if","locations":[{"start":{"line":435,"column":8},"end":{"line":435,"column":8}},{"start":{"line":435,"column":8},"end":{"line":435,"column":8}}]},"36":{"line":443,"type":"if","locations":[{"start":{"line":443,"column":65},"end":{"line":443,"column":65}},{"start":{"line":443,"column":65},"end":{"line":443,"column":65}}]},"37":{"line":444,"type":"if","locations":[{"start":{"line":444,"column":8},"end":{"line":444,"column":8}},{"start":{"line":444,"column":8},"end":{"line":444,"column":8}}]},"38":{"line":452,"type":"if","locations":[{"start":{"line":452,"column":63},"end":{"line":452,"column":63}},{"start":{"line":452,"column":63},"end":{"line":452,"column":63}}]}}},"contracts/core/governance/CoreDAOGovernanceProxy.sol":{"l":{"162":0,"166":0,"170":0,"175":0,"179":0,"180":0,"184":0,"185":0,"189":0,"190":0,"191":0,"199":0,"200":0,"202":0,"203":0,"220":0,"229":0,"230":0,"232":0,"233":0,"234":0,"235":0,"236":0,"237":0,"238":0,"239":0,"241":0,"243":0,"251":0,"252":0,"254":0,"255":0,"258":0,"261":0,"262":0,"265":0,"270":0,"271":0,"272":0,"273":0,"276":0,"277":0,"278":0,"280":0,"282":0,"285":0,"287":0,"300":0,"301":0,"302":0,"305":0,"306":0,"312":0,"321":0,"322":0,"324":0,"325":0,"326":0,"327":0,"329":0,"331":0,"339":0,"340":0,"342":0,"343":0,"344":0,"347":0,"350":0,"351":0,"352":0,"355":0,"356":0,"357":0,"361":0,"364":0,"365":0,"369":0,"370":0,"373":0,"374":0,"375":0,"377":0,"390":0,"391":0,"392":0,"395":0,"404":0,"405":0,"407":0,"408":0,"409":0,"410":0,"412":0,"414":0,"422":0,"423":0,"425":0,"426":0,"430":0,"432":0,"452":0,"454":0,"456":0,"481":0,"483":0,"485":0,"503":0,"505":0,"507":0,"520":0,"527":0,"528":0,"530":0,"531":0,"533":0,"540":0,"542":0,"545":0,"546":0,"547":0,"548":0,"549":0,"553":0,"563":0,"565":0,"566":0,"568":0,"575":0,"577":0,"578":0,"589":0,"595":0,"596":0,"599":0,"600":0,"604":0,"605":0,"607":0,"614":0,"621":0,"622":0,"629":0,"630":0,"637":0,"638":0,"645":0,"646":0,"648":0,"649":0,"656":0,"668":0,"669":0,"670":0,"671":0,"673":0,"674":0,"675":0,"676":0,"681":0,"682":0,"684":0,"685":0,"686":0,"687":0,"688":0,"690":0,"691":0,"692":0,"693":0,"694":0,"696":0,"700":0,"704":0,"705":0,"706":0,"707":0,"708":0,"709":0,"710":0,"712":0,"713":0,"724":0,"735":0,"736":0,"737":0,"746":0,"747":0},"path":"/Users/huangbozhang/Desktop/staking/contracts/core/governance/CoreDAOGovernanceProxy.sol","s":{"1":0,"2":0,"3":0,"4":0,"5":0,"6":0,"7":0,"8":0,"9":0,"10":0,"11":0,"12":0,"13":0,"14":0,"15":0,"16":0,"17":0,"18":0,"19":0,"20":0,"21":0,"22":0,"23":0,"24":0,"25":0,"26":0,"27":0,"28":0,"29":0,"30":0,"31":0,"32":0,"33":0,"34":0,"35":0,"36":0,"37":0,"38":0,"39":0,"40":0,"41":0,"42":0,"43":0,"44":0,"45":0,"46":0,"47":0,"48":0,"49":0,"50":0,"51":0,"52":0,"53":0,"54":0,"55":0,"56":0,"57":0,"58":0,"59":0,"60":0,"61":0,"62":0,"63":0,"64":0,"65":0,"66":0,"67":0,"68":0,"69":0,"70":0,"71":0,"72":0,"73":0,"74":0,"75":0,"76":0,"77":0,"78":0,"79":0,"80":0,"81":0,"82":0,"83":0,"84":0,"85":0,"86":0,"87":0,"88":0,"89":0,"90":0,"91":0,"92":0,"93":0,"94":0,"95":0,"96":0,"97":0,"98":0,"99":0,"100":0,"101":0,"102":0,"103":0,"104":0,"105":0,"106":0,"107":0,"108":0,"109":0,"110":0,"111":0,"112":0,"113":0,"114":0,"115":0,"116":0,"117":0,"118":0,"119":0,"120":0,"121":0,"122":0},"b":{"1":[0,0],"2":[0,0],"3":[0,0],"4":[0,0],"5":[0,0],"6":[0,0],"7":[0,0],"8":[0,0],"9":[0,0],"10":[0,0],"11":[0,0],"12":[0,0],"13":[0,0],"14":[0,0],"15":[0,0],"16":[0,0],"17":[0,0],"18":[0,0],"19":[0,0],"20":[0,0],"21":[0,0],"22":[0,0],"23":[0,0],"24":[0,0],"25":[0,0],"26":[0,0],"27":[0,0],"28":[0,0],"29":[0,0],"30":[0,0],"31":[0,0],"32":[0,0],"33":[0,0],"34":[0,0],"35":[0,0],"36":[0,0],"37":[0,0],"38":[0,0],"39":[0,0],"40":[0,0],"41":[0,0],"42":[0,0],"43":[0,0],"44":[0,0],"45":[0,0],"46":[0,0],"47":[0,0],"48":[0,0],"49":[0,0],"50":[0,0],"51":[0,0],"52":[0,0],"53":[0,0],"54":[0,0],"55":[0,0],"56":[0,0],"57":[0,0],"58":[0,0],"59":[0,0],"60":[0,0],"61":[0,0],"62":[0,0],"63":[0,0],"64":[0,0],"65":[0,0],"66":[0,0],"67":[0,0],"68":[0,0],"69":[0,0],"70":[0,0],"71":[0,0],"72":[0,0],"73":[0,0],"74":[0,0],"75":[0,0],"76":[0,0],"77":[0,0],"78":[0,0],"79":[0,0],"80":[0,0]},"f":{"1":0,"2":0,"3":0,"4":0,"5":0,"6":0,"7":0,"8":0,"9":0,"10":0,"11":0,"12":0,"13":0,"14":0,"15":0,"16":0,"17":0,"18":0,"19":0,"20":0,"21":0,"22":0,"23":0,"24":0,"25":0,"26":0,"27":0,"28":0,"29":0,"30":0,"31":0,"32":0,"33":0},"fnMap":{"1":{"name":"onlyAuthorized","line":161,"loc":{"start":{"line":161,"column":4},"end":{"line":167,"column":4}}},"2":{"name":"hasPermission","line":169,"loc":{"start":{"line":169,"column":4},"end":{"line":176,"column":4}}},"3":{"name":"onlyCommittee","line":178,"loc":{"start":{"line":178,"column":4},"end":{"line":181,"column":4}}},"4":{"name":"notEmergencyPaused","line":183,"loc":{"start":{"line":183,"column":4},"end":{"line":186,"column":4}}},"5":{"name":"validTimelock","line":188,"loc":{"start":{"line":188,"column":4},"end":{"line":192,"column":4}}},"6":{"name":"constructor","line":198,"loc":{"start":{"line":194,"column":4},"end":{"line":205,"column":4}}},"7":{"name":"createCoreDAOProposal","line":218,"loc":{"start":{"line":214,"column":4},"end":{"line":244,"column":4}}},"8":{"name":"executeCoreDAOVote","line":250,"loc":{"start":{"line":250,"column":4},"end":{"line":288,"column":4}}},"9":{"name":"createValidatorDelegation","line":299,"loc":{"start":{"line":296,"column":4},"end":{"line":332,"column":4}}},"10":{"name":"executeValidatorDelegation","line":338,"loc":{"start":{"line":338,"column":4},"end":{"line":378,"column":4}}},"11":{"name":"createHashPowerDelegation","line":389,"loc":{"start":{"line":386,"column":4},"end":{"line":415,"column":4}}},"12":{"name":"executeHashPowerDelegation","line":421,"loc":{"start":{"line":421,"column":4},"end":{"line":433,"column":4}}},"13":{"name":"getCoreDAOProposal","line":439,"loc":{"start":{"line":439,"column":4},"end":{"line":469,"column":4}}},"14":{"name":"getValidatorDelegation","line":475,"loc":{"start":{"line":475,"column":4},"end":{"line":491,"column":4}}},"15":{"name":"getHashPowerDelegation","line":497,"loc":{"start":{"line":497,"column":4},"end":{"line":513,"column":4}}},"16":{"name":"setCoreStaking","line":519,"loc":{"start":{"line":519,"column":4},"end":{"line":521,"column":4}}},"17":{"name":"addCommitteeMember","line":526,"loc":{"start":{"line":526,"column":4},"end":{"line":534,"column":4}}},"18":{"name":"removeCommitteeMember","line":539,"loc":{"start":{"line":539,"column":4},"end":{"line":554,"column":4}}},"19":{"name":"scheduleGovernanceAction","line":562,"loc":{"start":{"line":559,"column":4},"end":{"line":569,"column":4}}},"20":{"name":"approveGovernanceAction","line":574,"loc":{"start":{"line":574,"column":4},"end":{"line":579,"column":4}}},"21":{"name":"executeGovernanceAction","line":588,"loc":{"start":{"line":584,"column":4},"end":{"line":608,"column":4}}},"22":{"name":"emergencyPause","line":613,"loc":{"start":{"line":613,"column":4},"end":{"line":623,"column":4}}},"23":{"name":"resumeFromEmergency","line":628,"loc":{"start":{"line":628,"column":4},"end":{"line":631,"column":4}}},"24":{"name":"setValidatorBlacklist","line":636,"loc":{"start":{"line":636,"column":4},"end":{"line":639,"column":4}}},"25":{"name":"setOperatorPermissions","line":644,"loc":{"start":{"line":644,"column":4},"end":{"line":650,"column":4}}},"26":{"name":"setEmergencyPauseAuthority","line":655,"loc":{"start":{"line":655,"column":4},"end":{"line":657,"column":4}}},"27":{"name":"setGovernanceParameters","line":667,"loc":{"start":{"line":662,"column":4},"end":{"line":677,"column":4}}},"28":{"name":"toString","line":680,"loc":{"start":{"line":680,"column":4},"end":{"line":697,"column":4}}},"29":{"name":"toHexString","line":699,"loc":{"start":{"line":699,"column":4},"end":{"line":701,"column":4}}},"30":{"name":"toHexString","line":703,"loc":{"start":{"line":703,"column":4},"end":{"line":714,"column":4}}},"31":{"name":"getCommitteeInfo","line":719,"loc":{"start":{"line":719,"column":4},"end":{"line":725,"column":4}}},"32":{"name":"getGovernanceActionStatus","line":730,"loc":{"start":{"line":730,"column":4},"end":{"line":740,"column":4}}},"33":{"name":"checkPermission","line":745,"loc":{"start":{"line":745,"column":4},"end":{"line":748,"column":4}}}},"statementMap":{"1":{"start":{"line":162,"column":8},"end":{"line":162,"column":5565}},"2":{"start":{"line":170,"column":8},"end":{"line":170,"column":5787}},"3":{"start":{"line":179,"column":8},"end":{"line":179,"column":118}},"4":{"start":{"line":184,"column":8},"end":{"line":184,"column":76}},"5":{"start":{"line":189,"column":8},"end":{"line":189,"column":109}},"6":{"start":{"line":190,"column":8},"end":{"line":190,"column":95}},"7":{"start":{"line":199,"column":8},"end":{"line":199,"column":101}},"8":{"start":{"line":202,"column":8},"end":{"line":202,"column":6967}},"9":{"start":{"line":220,"column":8},"end":{"line":220,"column":7669}},"10":{"start":{"line":230,"column":8},"end":{"line":230,"column":54}},"11":{"start":{"line":232,"column":8},"end":{"line":232,"column":76}},"12":{"start":{"line":241,"column":8},"end":{"line":241,"column":89}},"13":{"start":{"line":243,"column":8},"end":{"line":243,"column":30}},"14":{"start":{"line":251,"column":8},"end":{"line":251,"column":105}},"15":{"start":{"line":252,"column":8},"end":{"line":252,"column":102}},"16":{"start":{"line":254,"column":8},"end":{"line":254,"column":76}},"17":{"start":{"line":255,"column":8},"end":{"line":255,"column":78}},"18":{"start":{"line":258,"column":8},"end":{"line":258,"column":9514}},"19":{"start":{"line":261,"column":8},"end":{"line":261,"column":67}},"20":{"start":{"line":262,"column":8},"end":{"line":262,"column":74}},"21":{"start":{"line":265,"column":8},"end":{"line":265,"column":9799}},"22":{"start":{"line":276,"column":8},"end":{"line":276,"column":21}},"23":{"start":{"line":277,"column":8},"end":{"line":277,"column":10190}},"24":{"start":{"line":279,"column":15},"end":{"line":279,"column":10295}},"25":{"start":{"line":285,"column":8},"end":{"line":285,"column":73}},"26":{"start":{"line":287,"column":8},"end":{"line":287,"column":76}},"27":{"start":{"line":300,"column":8},"end":{"line":300,"column":84}},"28":{"start":{"line":301,"column":8},"end":{"line":301,"column":68}},"29":{"start":{"line":302,"column":8},"end":{"line":302,"column":98}},"30":{"start":{"line":305,"column":8},"end":{"line":305,"column":50}},"31":{"start":{"line":306,"column":8},"end":{"line":306,"column":11440}},"32":{"start":{"line":312,"column":8},"end":{"line":312,"column":11698}},"33":{"start":{"line":322,"column":8},"end":{"line":322,"column":55}},"34":{"start":{"line":324,"column":8},"end":{"line":324,"column":83}},"35":{"start":{"line":329,"column":8},"end":{"line":329,"column":90}},"36":{"start":{"line":331,"column":8},"end":{"line":331,"column":27}},"37":{"start":{"line":339,"column":8},"end":{"line":339,"column":105}},"38":{"start":{"line":340,"column":8},"end":{"line":340,"column":105}},"39":{"start":{"line":342,"column":8},"end":{"line":342,"column":83}},"40":{"start":{"line":343,"column":8},"end":{"line":343,"column":80}},"41":{"start":{"line":344,"column":8},"end":{"line":344,"column":109}},"42":{"start":{"line":347,"column":8},"end":{"line":347,"column":13572}},"43":{"start":{"line":350,"column":8},"end":{"line":350,"column":67}},"44":{"start":{"line":351,"column":8},"end":{"line":351,"column":13739}},"45":{"start":{"line":352,"column":12},"end":{"line":352,"column":66}},"46":{"start":{"line":355,"column":12},"end":{"line":355,"column":73}},"47":{"start":{"line":356,"column":12},"end":{"line":356,"column":13993}},"48":{"start":{"line":357,"column":16},"end":{"line":357,"column":113}},"49":{"start":{"line":361,"column":8},"end":{"line":361,"column":47}},"50":{"start":{"line":364,"column":8},"end":{"line":364,"column":14337}},"51":{"start":{"line":365,"column":12},"end":{"line":365,"column":73}},"52":{"start":{"line":369,"column":8},"end":{"line":369,"column":14581}},"53":{"start":{"line":370,"column":12},"end":{"line":370,"column":72}},"54":{"start":{"line":377,"column":8},"end":{"line":377,"column":109}},"55":{"start":{"line":390,"column":8},"end":{"line":390,"column":84}},"56":{"start":{"line":391,"column":8},"end":{"line":391,"column":75}},"57":{"start":{"line":392,"column":8},"end":{"line":392,"column":98}},"58":{"start":{"line":395,"column":8},"end":{"line":395,"column":15789}},"59":{"start":{"line":405,"column":8},"end":{"line":405,"column":55}},"60":{"start":{"line":407,"column":8},"end":{"line":407,"column":83}},"61":{"start":{"line":412,"column":8},"end":{"line":412,"column":93}},"62":{"start":{"line":414,"column":8},"end":{"line":414,"column":27}},"63":{"start":{"line":422,"column":8},"end":{"line":422,"column":105}},"64":{"start":{"line":423,"column":8},"end":{"line":423,"column":105}},"65":{"start":{"line":425,"column":8},"end":{"line":425,"column":83}},"66":{"start":{"line":426,"column":8},"end":{"line":426,"column":80}},"67":{"start":{"line":432,"column":8},"end":{"line":432,"column":98}},"68":{"start":{"line":452,"column":8},"end":{"line":452,"column":102}},"69":{"start":{"line":454,"column":8},"end":{"line":454,"column":76}},"70":{"start":{"line":456,"column":8},"end":{"line":456,"column":18420}},"71":{"start":{"line":481,"column":8},"end":{"line":481,"column":105}},"72":{"start":{"line":483,"column":8},"end":{"line":483,"column":83}},"73":{"start":{"line":485,"column":8},"end":{"line":485,"column":19328}},"74":{"start":{"line":503,"column":8},"end":{"line":503,"column":105}},"75":{"start":{"line":505,"column":8},"end":{"line":505,"column":83}},"76":{"start":{"line":507,"column":8},"end":{"line":507,"column":20037}},"77":{"start":{"line":527,"column":8},"end":{"line":527,"column":78}},"78":{"start":{"line":528,"column":8},"end":{"line":528,"column":84}},"79":{"start":{"line":530,"column":8},"end":{"line":530,"column":39}},"80":{"start":{"line":533,"column":8},"end":{"line":533,"column":41}},"81":{"start":{"line":540,"column":8},"end":{"line":540,"column":79}},"82":{"start":{"line":545,"column":8},"end":{"line":545,"column":21237}},"83":{"start":{"line":546,"column":12},"end":{"line":546,"column":21312}},"84":{"start":{"line":548,"column":16},"end":{"line":548,"column":40}},"85":{"start":{"line":553,"column":8},"end":{"line":553,"column":43}},"86":{"start":{"line":563,"column":8},"end":{"line":563,"column":92}},"87":{"start":{"line":565,"column":8},"end":{"line":565,"column":78}},"88":{"start":{"line":568,"column":8},"end":{"line":568,"column":78}},"89":{"start":{"line":575,"column":8},"end":{"line":575,"column":103}},"90":{"start":{"line":589,"column":8},"end":{"line":589,"column":22766}},"91":{"start":{"line":599,"column":8},"end":{"line":599,"column":23093}},"92":{"start":{"line":604,"column":8},"end":{"line":604,"column":44}},"93":{"start":{"line":605,"column":8},"end":{"line":605,"column":67}},"94":{"start":{"line":607,"column":8},"end":{"line":607,"column":49}},"95":{"start":{"line":614,"column":8},"end":{"line":614,"column":23592}},"96":{"start":{"line":622,"column":8},"end":{"line":622,"column":45}},"97":{"start":{"line":630,"column":8},"end":{"line":630,"column":46}},"98":{"start":{"line":638,"column":8},"end":{"line":638,"column":57}},"99":{"start":{"line":648,"column":8},"end":{"line":648,"column":58}},"100":{"start":{"line":649,"column":8},"end":{"line":649,"column":54}},"101":{"start":{"line":668,"column":8},"end":{"line":668,"column":87}},"102":{"start":{"line":669,"column":8},"end":{"line":669,"column":132}},"103":{"start":{"line":670,"column":8},"end":{"line":670,"column":106}},"104":{"start":{"line":671,"column":8},"end":{"line":671,"column":134}},"105":{"start":{"line":681,"column":8},"end":{"line":681,"column":26191}},"106":{"start":{"line":682,"column":12},"end":{"line":682,"column":22}},"107":{"start":{"line":684,"column":8},"end":{"line":684,"column":28}},"108":{"start":{"line":685,"column":8},"end":{"line":685,"column":22}},"109":{"start":{"line":686,"column":8},"end":{"line":686,"column":26305}},"110":{"start":{"line":690,"column":8},"end":{"line":690,"column":47}},"111":{"start":{"line":691,"column":8},"end":{"line":691,"column":26438}},"112":{"start":{"line":696,"column":8},"end":{"line":696,"column":29}},"113":{"start":{"line":700,"column":8},"end":{"line":700,"column":57}},"114":{"start":{"line":704,"column":8},"end":{"line":704,"column":55}},"115":{"start":{"line":707,"column":8},"end":{"line":707,"column":26994}},"116":{"start":{"line":709,"column":12},"end":{"line":709,"column":74}},"117":{"start":{"line":712,"column":8},"end":{"line":712,"column":62}},"118":{"start":{"line":713,"column":8},"end":{"line":713,"column":29}},"119":{"start":{"line":724,"column":8},"end":{"line":724,"column":93}},"120":{"start":{"line":746,"column":8},"end":{"line":746,"column":44}},"121":{"start":{"line":746,"column":33},"end":{"line":746,"column":44}},"122":{"start":{"line":747,"column":8},"end":{"line":747,"column":97}}},"branchMap":{"1":{"line":162,"type":"if","locations":[{"start":{"line":162,"column":8},"end":{"line":162,"column":8}},{"start":{"line":162,"column":8},"end":{"line":162,"column":8}}]},"2":{"line":163,"type":"cond-expr","locations":[{"start":{"line":163,"column":12},"end":{"line":163,"column":32}},{"start":{"line":163,"column":37},"end":{"line":163,"column":67}}]},"3":{"line":170,"type":"if","locations":[{"start":{"line":170,"column":8},"end":{"line":170,"column":8}},{"start":{"line":170,"column":8},"end":{"line":170,"column":8}}]},"4":{"line":171,"type":"cond-expr","locations":[{"start":{"line":171,"column":12},"end":{"line":171,"column":32}},{"start":{"line":172,"column":12},"end":{"line":172,"column":99}}]},"5":{"line":179,"type":"if","locations":[{"start":{"line":179,"column":8},"end":{"line":179,"column":8}},{"start":{"line":179,"column":8},"end":{"line":179,"column":8}}]},"6":{"line":179,"type":"cond-expr","locations":[{"start":{"line":179,"column":16},"end":{"line":179,"column":44}},{"start":{"line":179,"column":49},"end":{"line":179,"column":69}}]},"7":{"line":184,"type":"if","locations":[{"start":{"line":184,"column":8},"end":{"line":184,"column":8}},{"start":{"line":184,"column":8},"end":{"line":184,"column":8}}]},"8":{"line":189,"type":"if","locations":[{"start":{"line":189,"column":8},"end":{"line":189,"column":8}},{"start":{"line":189,"column":8},"end":{"line":189,"column":8}}]},"9":{"line":190,"type":"if","locations":[{"start":{"line":190,"column":8},"end":{"line":190,"column":8}},{"start":{"line":190,"column":8},"end":{"line":190,"column":8}}]},"10":{"line":199,"type":"if","locations":[{"start":{"line":199,"column":8},"end":{"line":199,"column":8}},{"start":{"line":199,"column":8},"end":{"line":199,"column":8}}]},"11":{"line":202,"type":"if","locations":[{"start":{"line":202,"column":8},"end":{"line":202,"column":8}},{"start":{"line":202,"column":8},"end":{"line":202,"column":8}}]},"12":{"line":218,"type":"if","locations":[{"start":{"line":218,"column":15},"end":{"line":218,"column":15}},{"start":{"line":218,"column":15},"end":{"line":218,"column":15}}]},"13":{"line":218,"type":"if","locations":[{"start":{"line":218,"column":52},"end":{"line":218,"column":52}},{"start":{"line":218,"column":52},"end":{"line":218,"column":52}}]},"14":{"line":250,"type":"if","locations":[{"start":{"line":250,"column":66},"end":{"line":250,"column":66}},{"start":{"line":250,"column":66},"end":{"line":250,"column":66}}]},"15":{"line":251,"type":"if","locations":[{"start":{"line":251,"column":8},"end":{"line":251,"column":8}},{"start":{"line":251,"column":8},"end":{"line":251,"column":8}}]},"16":{"line":252,"type":"if","locations":[{"start":{"line":252,"column":8},"end":{"line":252,"column":8}},{"start":{"line":252,"column":8},"end":{"line":252,"column":8}}]},"17":{"line":255,"type":"if","locations":[{"start":{"line":255,"column":8},"end":{"line":255,"column":8}},{"start":{"line":255,"column":8},"end":{"line":255,"column":8}}]},"18":{"line":265,"type":"if","locations":[{"start":{"line":265,"column":8},"end":{"line":265,"column":8}},{"start":{"line":265,"column":8},"end":{"line":265,"column":8}}]},"19":{"line":277,"type":"if","locations":[{"start":{"line":277,"column":8},"end":{"line":277,"column":8}},{"start":{"line":277,"column":8},"end":{"line":277,"column":8}}]},"20":{"line":279,"type":"if","locations":[{"start":{"line":279,"column":15},"end":{"line":279,"column":15}},{"start":{"line":279,"column":15},"end":{"line":279,"column":15}}]},"21":{"line":299,"type":"if","locations":[{"start":{"line":299,"column":15},"end":{"line":299,"column":15}},{"start":{"line":299,"column":15},"end":{"line":299,"column":15}}]},"22":{"line":299,"type":"if","locations":[{"start":{"line":299,"column":62},"end":{"line":299,"column":62}},{"start":{"line":299,"column":62},"end":{"line":299,"column":62}}]},"23":{"line":300,"type":"if","locations":[{"start":{"line":300,"column":8},"end":{"line":300,"column":8}},{"start":{"line":300,"column":8},"end":{"line":300,"column":8}}]},"24":{"line":301,"type":"if","locations":[{"start":{"line":301,"column":8},"end":{"line":301,"column":8}},{"start":{"line":301,"column":8},"end":{"line":301,"column":8}}]},"25":{"line":302,"type":"if","locations":[{"start":{"line":302,"column":8},"end":{"line":302,"column":8}},{"start":{"line":302,"column":8},"end":{"line":302,"column":8}}]},"26":{"line":306,"type":"if","locations":[{"start":{"line":306,"column":8},"end":{"line":306,"column":8}},{"start":{"line":306,"column":8},"end":{"line":306,"column":8}}]},"27":{"line":338,"type":"if","locations":[{"start":{"line":338,"column":71},"end":{"line":338,"column":71}},{"start":{"line":338,"column":71},"end":{"line":338,"column":71}}]},"28":{"line":338,"type":"if","locations":[{"start":{"line":338,"column":84},"end":{"line":338,"column":84}},{"start":{"line":338,"column":84},"end":{"line":338,"column":84}}]},"29":{"line":339,"type":"if","locations":[{"start":{"line":339,"column":8},"end":{"line":339,"column":8}},{"start":{"line":339,"column":8},"end":{"line":339,"column":8}}]},"30":{"line":340,"type":"if","locations":[{"start":{"line":340,"column":8},"end":{"line":340,"column":8}},{"start":{"line":340,"column":8},"end":{"line":340,"column":8}}]},"31":{"line":343,"type":"if","locations":[{"start":{"line":343,"column":8},"end":{"line":343,"column":8}},{"start":{"line":343,"column":8},"end":{"line":343,"column":8}}]},"32":{"line":344,"type":"if","locations":[{"start":{"line":344,"column":8},"end":{"line":344,"column":8}},{"start":{"line":344,"column":8},"end":{"line":344,"column":8}}]},"33":{"line":351,"type":"if","locations":[{"start":{"line":351,"column":8},"end":{"line":351,"column":8}},{"start":{"line":351,"column":8},"end":{"line":351,"column":8}}]},"34":{"line":356,"type":"if","locations":[{"start":{"line":356,"column":12},"end":{"line":356,"column":12}},{"start":{"line":356,"column":12},"end":{"line":356,"column":12}}]},"35":{"line":357,"type":"if","locations":[{"start":{"line":357,"column":16},"end":{"line":357,"column":16}},{"start":{"line":357,"column":16},"end":{"line":357,"column":16}}]},"36":{"line":364,"type":"if","locations":[{"start":{"line":364,"column":8},"end":{"line":364,"column":8}},{"start":{"line":364,"column":8},"end":{"line":364,"column":8}}]},"37":{"line":369,"type":"if","locations":[{"start":{"line":369,"column":8},"end":{"line":369,"column":8}},{"start":{"line":369,"column":8},"end":{"line":369,"column":8}}]},"38":{"line":389,"type":"if","locations":[{"start":{"line":389,"column":15},"end":{"line":389,"column":15}},{"start":{"line":389,"column":15},"end":{"line":389,"column":15}}]},"39":{"line":389,"type":"if","locations":[{"start":{"line":389,"column":62},"end":{"line":389,"column":62}},{"start":{"line":389,"column":62},"end":{"line":389,"column":62}}]},"40":{"line":390,"type":"if","locations":[{"start":{"line":390,"column":8},"end":{"line":390,"column":8}},{"start":{"line":390,"column":8},"end":{"line":390,"column":8}}]},"41":{"line":391,"type":"if","locations":[{"start":{"line":391,"column":8},"end":{"line":391,"column":8}},{"start":{"line":391,"column":8},"end":{"line":391,"column":8}}]},"42":{"line":392,"type":"if","locations":[{"start":{"line":392,"column":8},"end":{"line":392,"column":8}},{"start":{"line":392,"column":8},"end":{"line":392,"column":8}}]},"43":{"line":422,"type":"if","locations":[{"start":{"line":422,"column":8},"end":{"line":422,"column":8}},{"start":{"line":422,"column":8},"end":{"line":422,"column":8}}]},"44":{"line":423,"type":"if","locations":[{"start":{"line":423,"column":8},"end":{"line":423,"column":8}},{"start":{"line":423,"column":8},"end":{"line":423,"column":8}}]},"45":{"line":426,"type":"if","locations":[{"start":{"line":426,"column":8},"end":{"line":426,"column":8}},{"start":{"line":426,"column":8},"end":{"line":426,"column":8}}]},"46":{"line":452,"type":"if","locations":[{"start":{"line":452,"column":8},"end":{"line":452,"column":8}},{"start":{"line":452,"column":8},"end":{"line":452,"column":8}}]},"47":{"line":481,"type":"if","locations":[{"start":{"line":481,"column":8},"end":{"line":481,"column":8}},{"start":{"line":481,"column":8},"end":{"line":481,"column":8}}]},"48":{"line":503,"type":"if","locations":[{"start":{"line":503,"column":8},"end":{"line":503,"column":8}},{"start":{"line":503,"column":8},"end":{"line":503,"column":8}}]},"49":{"line":519,"type":"if","locations":[{"start":{"line":519,"column":67},"end":{"line":519,"column":67}},{"start":{"line":519,"column":67},"end":{"line":519,"column":67}}]},"50":{"line":526,"type":"if","locations":[{"start":{"line":526,"column":57},"end":{"line":526,"column":57}},{"start":{"line":526,"column":57},"end":{"line":526,"column":57}}]},"51":{"line":527,"type":"if","locations":[{"start":{"line":527,"column":8},"end":{"line":527,"column":8}},{"start":{"line":527,"column":8},"end":{"line":527,"column":8}}]},"52":{"line":528,"type":"if","locations":[{"start":{"line":528,"column":8},"end":{"line":528,"column":8}},{"start":{"line":528,"column":8},"end":{"line":528,"column":8}}]},"53":{"line":539,"type":"if","locations":[{"start":{"line":539,"column":60},"end":{"line":539,"column":60}},{"start":{"line":539,"column":60},"end":{"line":539,"column":60}}]},"54":{"line":540,"type":"if","locations":[{"start":{"line":540,"column":8},"end":{"line":540,"column":8}},{"start":{"line":540,"column":8},"end":{"line":540,"column":8}}]},"55":{"line":546,"type":"if","locations":[{"start":{"line":546,"column":12},"end":{"line":546,"column":12}},{"start":{"line":546,"column":12},"end":{"line":546,"column":12}}]},"56":{"line":562,"type":"if","locations":[{"start":{"line":562,"column":15},"end":{"line":562,"column":15}},{"start":{"line":562,"column":15},"end":{"line":562,"column":15}}]},"57":{"line":563,"type":"if","locations":[{"start":{"line":563,"column":8},"end":{"line":563,"column":8}},{"start":{"line":563,"column":8},"end":{"line":563,"column":8}}]},"58":{"line":565,"type":"if","locations":[{"start":{"line":565,"column":38},"end":{"line":565,"column":55}},{"start":{"line":565,"column":59},"end":{"line":565,"column":77}}]},"59":{"line":574,"type":"if","locations":[{"start":{"line":574,"column":66},"end":{"line":574,"column":66}},{"start":{"line":574,"column":66},"end":{"line":574,"column":66}}]},"60":{"line":575,"type":"if","locations":[{"start":{"line":575,"column":8},"end":{"line":575,"column":8}},{"start":{"line":575,"column":8},"end":{"line":575,"column":8}}]},"61":{"line":588,"type":"if","locations":[{"start":{"line":588,"column":15},"end":{"line":588,"column":15}},{"start":{"line":588,"column":15},"end":{"line":588,"column":15}}]},"62":{"line":588,"type":"if","locations":[{"start":{"line":588,"column":29},"end":{"line":588,"column":29}},{"start":{"line":588,"column":29},"end":{"line":588,"column":29}}]},"63":{"line":589,"type":"if","locations":[{"start":{"line":589,"column":8},"end":{"line":589,"column":8}},{"start":{"line":589,"column":8},"end":{"line":589,"column":8}}]},"64":{"line":605,"type":"if","locations":[{"start":{"line":605,"column":8},"end":{"line":605,"column":8}},{"start":{"line":605,"column":8},"end":{"line":605,"column":8}}]},"65":{"line":614,"type":"if","locations":[{"start":{"line":614,"column":8},"end":{"line":614,"column":8}},{"start":{"line":614,"column":8},"end":{"line":614,"column":8}}]},"66":{"line":615,"type":"cond-expr","locations":[{"start":{"line":615,"column":12},"end":{"line":615,"column":32}},{"start":{"line":616,"column":12},"end":{"line":616,"column":48}}]},"67":{"line":615,"type":"cond-expr","locations":[{"start":{"line":615,"column":12},"end":{"line":616,"column":48}},{"start":{"line":617,"column":12},"end":{"line":617,"column":41}}]},"68":{"line":628,"type":"if","locations":[{"start":{"line":628,"column":44},"end":{"line":628,"column":44}},{"start":{"line":628,"column":44},"end":{"line":628,"column":44}}]},"69":{"line":636,"type":"if","locations":[{"start":{"line":636,"column":81},"end":{"line":636,"column":81}},{"start":{"line":636,"column":81},"end":{"line":636,"column":81}}]},"70":{"line":644,"type":"if","locations":[{"start":{"line":644,"column":84},"end":{"line":644,"column":84}},{"start":{"line":644,"column":84},"end":{"line":644,"column":84}}]},"71":{"line":655,"type":"if","locations":[{"start":{"line":655,"column":68},"end":{"line":655,"column":68}},{"start":{"line":655,"column":68},"end":{"line":655,"column":68}}]},"72":{"line":667,"type":"if","locations":[{"start":{"line":667,"column":15},"end":{"line":667,"column":15}},{"start":{"line":667,"column":15},"end":{"line":667,"column":15}}]},"73":{"line":668,"type":"if","locations":[{"start":{"line":668,"column":8},"end":{"line":668,"column":8}},{"start":{"line":668,"column":8},"end":{"line":668,"column":8}}]},"74":{"line":669,"type":"if","locations":[{"start":{"line":669,"column":8},"end":{"line":669,"column":8}},{"start":{"line":669,"column":8},"end":{"line":669,"column":8}}]},"75":{"line":670,"type":"if","locations":[{"start":{"line":670,"column":8},"end":{"line":670,"column":8}},{"start":{"line":670,"column":8},"end":{"line":670,"column":8}}]},"76":{"line":671,"type":"if","locations":[{"start":{"line":671,"column":8},"end":{"line":671,"column":8}},{"start":{"line":671,"column":8},"end":{"line":671,"column":8}}]},"77":{"line":681,"type":"if","locations":[{"start":{"line":681,"column":8},"end":{"line":681,"column":8}},{"start":{"line":681,"column":8},"end":{"line":681,"column":8}}]},"78":{"line":709,"type":"if","locations":[{"start":{"line":709,"column":12},"end":{"line":709,"column":12}},{"start":{"line":709,"column":12},"end":{"line":709,"column":12}}]},"79":{"line":712,"type":"if","locations":[{"start":{"line":712,"column":8},"end":{"line":712,"column":8}},{"start":{"line":712,"column":8},"end":{"line":712,"column":8}}]},"80":{"line":746,"type":"if","locations":[{"start":{"line":746,"column":8},"end":{"line":746,"column":8}},{"start":{"line":746,"column":8},"end":{"line":746,"column":8}}]}}},"contracts/core/staking/BasketStaking.sol":{"l":{"68":7,"69":7,"70":7,"78":2,"79":2,"81":2,"82":2,"85":2,"87":2,"88":2,"90":2,"91":2,"94":2,"95":2,"96":2,"97":0,"99":2,"100":2,"101":2,"104":2,"106":2,"114":0,"116":0,"117":0,"119":0,"120":0,"122":0,"123":0,"124":0,"127":0,"128":0,"129":0,"130":0,"131":0,"133":0,"134":0,"137":0,"140":0,"142":0,"152":0,"153":0,"155":0,"156":0,"158":0,"159":0,"162":0,"163":0,"164":0,"165":0,"167":0,"174":0,"175":0,"177":0,"179":0,"180":0,"182":0,"189":0,"191":0,"193":0,"194":0,"195":0,"198":0,"200":0,"209":2,"210":0,"212":2,"214":0,"216":0,"218":0,"228":0,"229":0,"231":0,"233":0,"235":0,"237":0,"245":2,"253":2,"255":2,"256":0,"259":0,"260":0,"262":0,"272":0,"274":0,"275":0,"278":0,"281":0,"282":0,"284":0,"293":0,"310":0,"311":0,"331":0,"332":0,"338":0,"344":0,"350":0,"356":0,"366":0,"368":0,"369":0,"371":0,"373":0,"375":0,"377":0,"387":0,"396":0,"397":0,"398":0,"400":0,"406":0,"407":0,"409":0,"410":0,"411":0,"414":0,"415":0},"path":"/Users/huangbozhang/Desktop/staking/contracts/core/staking/BasketStaking.sol","s":{"1":7,"2":2,"3":2,"4":2,"5":2,"6":2,"7":2,"8":2,"9":2,"10":2,"11":2,"12":2,"13":2,"14":0,"15":0,"16":0,"17":0,"18":0,"19":0,"20":0,"21":0,"22":0,"23":0,"24":0,"25":0,"26":0,"27":0,"28":0,"29":0,"30":0,"31":0,"32":0,"33":0,"34":0,"35":0,"36":0,"37":0,"38":0,"39":0,"40":0,"41":0,"42":0,"43":2,"44":0,"45":2,"46":2,"47":0,"48":0,"49":0,"50":0,"51":0,"52":0,"53":0,"54":0,"55":0,"56":0,"57":0,"58":0,"59":0,"60":0,"61":2,"62":2,"63":0,"64":0,"65":0,"66":0,"67":0,"68":0,"69":0,"70":0,"71":0,"72":0,"73":0,"74":0,"75":0,"76":0,"77":0,"78":0,"79":0,"80":0,"81":0,"82":0,"83":0,"84":0,"85":0,"86":0,"87":0,"88":0,"89":0,"90":0,"91":0,"92":0,"93":0,"94":0,"95":0,"96":0,"97":0},"b":{"1":[7,0],"2":[2,0],"3":[2,0],"4":[2,0],"5":[2,0],"6":[0,2],"7":[0,0],"8":[0,0],"9":[0,0],"10":[0,0],"11":[0,0],"12":[0,0],"13":[0,0],"14":[0,0],"15":[0,0],"16":[0,0],"17":[0,0],"18":[0,0],"19":[0,0],"20":[0,2],"21":[2,0],"22":[0,0],"23":[0,0],"24":[0,0],"25":[0,0],"26":[0,0],"27":[0,0],"28":[0,2],"29":[0,0],"30":[0,0],"31":[0,0],"32":[0,0],"33":[0,0],"34":[0,0],"35":[0,0],"36":[0,0],"37":[0,0],"38":[0,0],"39":[0,0],"40":[0,0],"41":[0,0],"42":[0,0]},"f":{"1":7,"2":2,"3":0,"4":0,"5":0,"6":0,"7":2,"8":0,"9":2,"10":2,"11":0,"12":0,"13":0,"14":0,"15":0,"16":0,"17":0},"fnMap":{"1":{"name":"constructor","line":67,"loc":{"start":{"line":64,"column":4},"end":{"line":71,"column":4}}},"2":{"name":"stake","line":77,"loc":{"start":{"line":77,"column":4},"end":{"line":107,"column":4}}},"3":{"name":"unstake","line":113,"loc":{"start":{"line":113,"column":4},"end":{"line":143,"column":4}}},"4":{"name":"claimRewards","line":151,"loc":{"start":{"line":151,"column":4},"end":{"line":168,"column":4}}},"5":{"name":"withdrawRewards","line":173,"loc":{"start":{"line":173,"column":4},"end":{"line":183,"column":4}}},"6":{"name":"depositProtocolFees","line":188,"loc":{"start":{"line":188,"column":4},"end":{"line":201,"column":4}}},"7":{"name":"_calculateTier","line":208,"loc":{"start":{"line":208,"column":4},"end":{"line":220,"column":4}}},"8":{"name":"getTierMultiplier","line":227,"loc":{"start":{"line":227,"column":4},"end":{"line":239,"column":4}}},"9":{"name":"_updateRewards","line":244,"loc":{"start":{"line":244,"column":4},"end":{"line":246,"column":4}}},"10":{"name":"_updateUserRewards","line":252,"loc":{"start":{"line":252,"column":4},"end":{"line":264,"column":4}}},"11":{"name":"getPendingRewards","line":271,"loc":{"start":{"line":271,"column":4},"end":{"line":285,"column":4}}},"12":{"name":"getUserTier","line":292,"loc":{"start":{"line":292,"column":4},"end":{"line":294,"column":4}}},"13":{"name":"getUserStakeInfo","line":304,"loc":{"start":{"line":304,"column":4},"end":{"line":317,"column":4}}},"14":{"name":"getTierBenefits","line":326,"loc":{"start":{"line":326,"column":4},"end":{"line":358,"column":4}}},"15":{"name":"getFeeReduction","line":365,"loc":{"start":{"line":365,"column":4},"end":{"line":379,"column":4}}},"16":{"name":"getVotingMultiplier","line":386,"loc":{"start":{"line":386,"column":4},"end":{"line":388,"column":4}}},"17":{"name":"emergencyWithdraw","line":395,"loc":{"start":{"line":395,"column":4},"end":{"line":402,"column":4}}}},"statementMap":{"1":{"start":{"line":68,"column":8},"end":{"line":68,"column":82}},"2":{"start":{"line":78,"column":8},"end":{"line":78,"column":74}},"3":{"start":{"line":79,"column":8},"end":{"line":79,"column":98}},"4":{"start":{"line":81,"column":8},"end":{"line":81,"column":23}},"5":{"start":{"line":82,"column":8},"end":{"line":82,"column":37}},"6":{"start":{"line":85,"column":8},"end":{"line":85,"column":66}},"7":{"start":{"line":87,"column":8},"end":{"line":87,"column":59}},"8":{"start":{"line":88,"column":8},"end":{"line":88,"column":37}},"9":{"start":{"line":94,"column":8},"end":{"line":94,"column":55}},"10":{"start":{"line":95,"column":8},"end":{"line":95,"column":3375}},"11":{"start":{"line":96,"column":12},"end":{"line":96,"column":3417}},"12":{"start":{"line":101,"column":12},"end":{"line":101,"column":59}},"13":{"start":{"line":106,"column":8},"end":{"line":106,"column":48}},"14":{"start":{"line":114,"column":8},"end":{"line":114,"column":74}},"15":{"start":{"line":116,"column":8},"end":{"line":116,"column":59}},"16":{"start":{"line":117,"column":8},"end":{"line":117,"column":87}},"17":{"start":{"line":119,"column":8},"end":{"line":119,"column":23}},"18":{"start":{"line":120,"column":8},"end":{"line":120,"column":37}},"19":{"start":{"line":122,"column":8},"end":{"line":122,"column":37}},"20":{"start":{"line":127,"column":8},"end":{"line":127,"column":55}},"21":{"start":{"line":128,"column":8},"end":{"line":128,"column":4512}},"22":{"start":{"line":130,"column":12},"end":{"line":130,"column":4589}},"23":{"start":{"line":134,"column":12},"end":{"line":134,"column":59}},"24":{"start":{"line":140,"column":8},"end":{"line":140,"column":47}},"25":{"start":{"line":142,"column":8},"end":{"line":142,"column":41}},"26":{"start":{"line":152,"column":8},"end":{"line":152,"column":23}},"27":{"start":{"line":153,"column":8},"end":{"line":153,"column":37}},"28":{"start":{"line":155,"column":8},"end":{"line":155,"column":59}},"29":{"start":{"line":156,"column":8},"end":{"line":156,"column":50}},"30":{"start":{"line":158,"column":8},"end":{"line":158,"column":65}},"31":{"start":{"line":159,"column":8},"end":{"line":159,"column":85}},"32":{"start":{"line":167,"column":8},"end":{"line":167,"column":48}},"33":{"start":{"line":174,"column":8},"end":{"line":174,"column":57}},"34":{"start":{"line":175,"column":8},"end":{"line":175,"column":68}},"35":{"start":{"line":179,"column":8},"end":{"line":179,"column":71}},"36":{"start":{"line":180,"column":8},"end":{"line":180,"column":64}},"37":{"start":{"line":182,"column":8},"end":{"line":182,"column":50}},"38":{"start":{"line":189,"column":8},"end":{"line":189,"column":66}},"39":{"start":{"line":191,"column":8},"end":{"line":191,"column":23}},"40":{"start":{"line":193,"column":8},"end":{"line":193,"column":6742}},"41":{"start":{"line":194,"column":12},"end":{"line":194,"column":74}},"42":{"start":{"line":200,"column":8},"end":{"line":200,"column":45}},"43":{"start":{"line":209,"column":8},"end":{"line":209,"column":7246}},"44":{"start":{"line":210,"column":12},"end":{"line":210,"column":32}},"45":{"start":{"line":211,"column":15},"end":{"line":211,"column":7337}},"46":{"start":{"line":212,"column":12},"end":{"line":212,"column":28}},"47":{"start":{"line":213,"column":15},"end":{"line":213,"column":7420}},"48":{"start":{"line":214,"column":12},"end":{"line":214,"column":30}},"49":{"start":{"line":215,"column":15},"end":{"line":215,"column":7507}},"50":{"start":{"line":216,"column":12},"end":{"line":216,"column":30}},"51":{"start":{"line":218,"column":12},"end":{"line":218,"column":28}},"52":{"start":{"line":228,"column":8},"end":{"line":228,"column":7865}},"53":{"start":{"line":229,"column":12},"end":{"line":229,"column":38}},"54":{"start":{"line":230,"column":15},"end":{"line":230,"column":7949}},"55":{"start":{"line":231,"column":12},"end":{"line":231,"column":34}},"56":{"start":{"line":232,"column":15},"end":{"line":232,"column":8025}},"57":{"start":{"line":233,"column":12},"end":{"line":233,"column":36}},"58":{"start":{"line":234,"column":15},"end":{"line":234,"column":8105}},"59":{"start":{"line":235,"column":12},"end":{"line":235,"column":36}},"60":{"start":{"line":237,"column":12},"end":{"line":237,"column":24}},"61":{"start":{"line":253,"column":8},"end":{"line":253,"column":53}},"62":{"start":{"line":255,"column":8},"end":{"line":255,"column":8630}},"63":{"start":{"line":256,"column":12},"end":{"line":256,"column":99}},"64":{"start":{"line":259,"column":12},"end":{"line":259,"column":66}},"65":{"start":{"line":272,"column":8},"end":{"line":272,"column":53}},"66":{"start":{"line":274,"column":8},"end":{"line":274,"column":9304}},"67":{"start":{"line":275,"column":12},"end":{"line":275,"column":43}},"68":{"start":{"line":278,"column":8},"end":{"line":278,"column":95}},"69":{"start":{"line":281,"column":8},"end":{"line":281,"column":62}},"70":{"start":{"line":284,"column":8},"end":{"line":284,"column":49}},"71":{"start":{"line":293,"column":8},"end":{"line":293,"column":35}},"72":{"start":{"line":310,"column":8},"end":{"line":310,"column":53}},"73":{"start":{"line":311,"column":8},"end":{"line":311,"column":10464}},"74":{"start":{"line":331,"column":8},"end":{"line":331,"column":11077}},"75":{"start":{"line":332,"column":12},"end":{"line":332,"column":11123}},"76":{"start":{"line":337,"column":15},"end":{"line":337,"column":11325}},"77":{"start":{"line":338,"column":12},"end":{"line":338,"column":11367}},"78":{"start":{"line":343,"column":15},"end":{"line":343,"column":11550}},"79":{"start":{"line":344,"column":12},"end":{"line":344,"column":11594}},"80":{"start":{"line":349,"column":15},"end":{"line":349,"column":11752}},"81":{"start":{"line":350,"column":12},"end":{"line":350,"column":11796}},"82":{"start":{"line":356,"column":12},"end":{"line":356,"column":44}},"83":{"start":{"line":366,"column":8},"end":{"line":366,"column":40}},"84":{"start":{"line":368,"column":8},"end":{"line":368,"column":12303}},"85":{"start":{"line":369,"column":12},"end":{"line":369,"column":23}},"86":{"start":{"line":370,"column":15},"end":{"line":370,"column":12389}},"87":{"start":{"line":371,"column":12},"end":{"line":371,"column":23}},"88":{"start":{"line":372,"column":15},"end":{"line":372,"column":12471}},"89":{"start":{"line":373,"column":12},"end":{"line":373,"column":23}},"90":{"start":{"line":374,"column":15},"end":{"line":374,"column":12555}},"91":{"start":{"line":375,"column":12},"end":{"line":375,"column":22}},"92":{"start":{"line":377,"column":12},"end":{"line":377,"column":20}},"93":{"start":{"line":387,"column":8},"end":{"line":387,"column":54}},"94":{"start":{"line":396,"column":8},"end":{"line":396,"column":13281}},"95":{"start":{"line":397,"column":12},"end":{"line":397,"column":71}},"96":{"start":{"line":398,"column":12},"end":{"line":398,"column":65}},"97":{"start":{"line":400,"column":12},"end":{"line":400,"column":50}}},"branchMap":{"1":{"line":68,"type":"if","locations":[{"start":{"line":68,"column":8},"end":{"line":68,"column":8}},{"start":{"line":68,"column":8},"end":{"line":68,"column":8}}]},"2":{"line":77,"type":"if","locations":[{"start":{"line":77,"column":44},"end":{"line":77,"column":44}},{"start":{"line":77,"column":44},"end":{"line":77,"column":44}}]},"3":{"line":78,"type":"if","locations":[{"start":{"line":78,"column":8},"end":{"line":78,"column":8}},{"start":{"line":78,"column":8},"end":{"line":78,"column":8}}]},"4":{"line":79,"type":"if","locations":[{"start":{"line":79,"column":8},"end":{"line":79,"column":8}},{"start":{"line":79,"column":8},"end":{"line":79,"column":8}}]},"5":{"line":95,"type":"if","locations":[{"start":{"line":95,"column":8},"end":{"line":95,"column":8}},{"start":{"line":95,"column":8},"end":{"line":95,"column":8}}]},"6":{"line":96,"type":"if","locations":[{"start":{"line":96,"column":12},"end":{"line":96,"column":12}},{"start":{"line":96,"column":12},"end":{"line":96,"column":12}}]},"7":{"line":113,"type":"if","locations":[{"start":{"line":113,"column":46},"end":{"line":113,"column":46}},{"start":{"line":113,"column":46},"end":{"line":113,"column":46}}]},"8":{"line":114,"type":"if","locations":[{"start":{"line":114,"column":8},"end":{"line":114,"column":8}},{"start":{"line":114,"column":8},"end":{"line":114,"column":8}}]},"9":{"line":117,"type":"if","locations":[{"start":{"line":117,"column":8},"end":{"line":117,"column":8}},{"start":{"line":117,"column":8},"end":{"line":117,"column":8}}]},"10":{"line":128,"type":"if","locations":[{"start":{"line":128,"column":8},"end":{"line":128,"column":8}},{"start":{"line":128,"column":8},"end":{"line":128,"column":8}}]},"11":{"line":130,"type":"if","locations":[{"start":{"line":130,"column":12},"end":{"line":130,"column":12}},{"start":{"line":130,"column":12},"end":{"line":130,"column":12}}]},"12":{"line":151,"type":"if","locations":[{"start":{"line":151,"column":37},"end":{"line":151,"column":37}},{"start":{"line":151,"column":37},"end":{"line":151,"column":37}}]},"13":{"line":158,"type":"if","locations":[{"start":{"line":158,"column":8},"end":{"line":158,"column":8}},{"start":{"line":158,"column":8},"end":{"line":158,"column":8}}]},"14":{"line":159,"type":"if","locations":[{"start":{"line":159,"column":8},"end":{"line":159,"column":8}},{"start":{"line":159,"column":8},"end":{"line":159,"column":8}}]},"15":{"line":173,"type":"if","locations":[{"start":{"line":173,"column":40},"end":{"line":173,"column":40}},{"start":{"line":173,"column":40},"end":{"line":173,"column":40}}]},"16":{"line":175,"type":"if","locations":[{"start":{"line":175,"column":8},"end":{"line":175,"column":8}},{"start":{"line":175,"column":8},"end":{"line":175,"column":8}}]},"17":{"line":180,"type":"if","locations":[{"start":{"line":180,"column":8},"end":{"line":180,"column":8}},{"start":{"line":180,"column":8},"end":{"line":180,"column":8}}]},"18":{"line":189,"type":"if","locations":[{"start":{"line":189,"column":8},"end":{"line":189,"column":8}},{"start":{"line":189,"column":8},"end":{"line":189,"column":8}}]},"19":{"line":193,"type":"if","locations":[{"start":{"line":193,"column":8},"end":{"line":193,"column":8}},{"start":{"line":193,"column":8},"end":{"line":193,"column":8}}]},"20":{"line":209,"type":"if","locations":[{"start":{"line":209,"column":8},"end":{"line":209,"column":8}},{"start":{"line":209,"column":8},"end":{"line":209,"column":8}}]},"21":{"line":211,"type":"if","locations":[{"start":{"line":211,"column":15},"end":{"line":211,"column":15}},{"start":{"line":211,"column":15},"end":{"line":211,"column":15}}]},"22":{"line":213,"type":"if","locations":[{"start":{"line":213,"column":15},"end":{"line":213,"column":15}},{"start":{"line":213,"column":15},"end":{"line":213,"column":15}}]},"23":{"line":215,"type":"if","locations":[{"start":{"line":215,"column":15},"end":{"line":215,"column":15}},{"start":{"line":215,"column":15},"end":{"line":215,"column":15}}]},"24":{"line":228,"type":"if","locations":[{"start":{"line":228,"column":8},"end":{"line":228,"column":8}},{"start":{"line":228,"column":8},"end":{"line":228,"column":8}}]},"25":{"line":230,"type":"if","locations":[{"start":{"line":230,"column":15},"end":{"line":230,"column":15}},{"start":{"line":230,"column":15},"end":{"line":230,"column":15}}]},"26":{"line":232,"type":"if","locations":[{"start":{"line":232,"column":15},"end":{"line":232,"column":15}},{"start":{"line":232,"column":15},"end":{"line":232,"column":15}}]},"27":{"line":234,"type":"if","locations":[{"start":{"line":234,"column":15},"end":{"line":234,"column":15}},{"start":{"line":234,"column":15},"end":{"line":234,"column":15}}]},"28":{"line":255,"type":"if","locations":[{"start":{"line":255,"column":8},"end":{"line":255,"column":8}},{"start":{"line":255,"column":8},"end":{"line":255,"column":8}}]},"29":{"line":274,"type":"if","locations":[{"start":{"line":274,"column":8},"end":{"line":274,"column":8}},{"start":{"line":274,"column":8},"end":{"line":274,"column":8}}]},"30":{"line":331,"type":"if","locations":[{"start":{"line":331,"column":8},"end":{"line":331,"column":8}},{"start":{"line":331,"column":8},"end":{"line":331,"column":8}}]},"31":{"line":337,"type":"if","locations":[{"start":{"line":337,"column":15},"end":{"line":337,"column":15}},{"start":{"line":337,"column":15},"end":{"line":337,"column":15}}]},"32":{"line":343,"type":"if","locations":[{"start":{"line":343,"column":15},"end":{"line":343,"column":15}},{"start":{"line":343,"column":15},"end":{"line":343,"column":15}}]},"33":{"line":349,"type":"if","locations":[{"start":{"line":349,"column":15},"end":{"line":349,"column":15}},{"start":{"line":349,"column":15},"end":{"line":349,"column":15}}]},"34":{"line":368,"type":"if","locations":[{"start":{"line":368,"column":8},"end":{"line":368,"column":8}},{"start":{"line":368,"column":8},"end":{"line":368,"column":8}}]},"35":{"line":370,"type":"if","locations":[{"start":{"line":370,"column":15},"end":{"line":370,"column":15}},{"start":{"line":370,"column":15},"end":{"line":370,"column":15}}]},"36":{"line":372,"type":"if","locations":[{"start":{"line":372,"column":15},"end":{"line":372,"column":15}},{"start":{"line":372,"column":15},"end":{"line":372,"column":15}}]},"37":{"line":374,"type":"if","locations":[{"start":{"line":374,"column":15},"end":{"line":374,"column":15}},{"start":{"line":374,"column":15},"end":{"line":374,"column":15}}]},"38":{"line":395,"type":"if","locations":[{"start":{"line":395,"column":71},"end":{"line":395,"column":71}},{"start":{"line":395,"column":71},"end":{"line":395,"column":71}}]},"39":{"line":396,"type":"if","locations":[{"start":{"line":396,"column":8},"end":{"line":396,"column":8}},{"start":{"line":396,"column":8},"end":{"line":396,"column":8}}]},"40":{"line":398,"type":"if","locations":[{"start":{"line":398,"column":12},"end":{"line":398,"column":12}},{"start":{"line":398,"column":12},"end":{"line":398,"column":12}}]},"41":{"line":406,"type":"if","locations":[{"start":{"line":406,"column":8},"end":{"line":406,"column":8}},{"start":{"line":406,"column":8},"end":{"line":406,"column":8}}]},"42":{"line":409,"type":"if","locations":[{"start":{"line":409,"column":12},"end":{"line":409,"column":12}},{"start":{"line":409,"column":12},"end":{"line":409,"column":12}}]}}},"contracts/core/staking/CoreLiquidStakingManager.sol":{"l":{"65":0,"66":0,"76":3,"77":3,"78":3,"80":3,"81":3,"82":3,"85":3,"86":3,"89":3,"92":3,"93":3,"102":0,"104":0,"107":0,"108":0,"111":0,"114":0,"117":0,"120":0,"122":0,"130":0,"131":0,"134":0,"137":0,"140":0,"141":0,"142":0,"145":0,"146":0,"153":0,"162":0,"163":0,"164":0,"167":0,"170":0,"173":0,"175":0,"183":0,"186":0,"189":0,"192":0,"193":0,"194":0,"195":0,"197":0,"198":0,"201":0,"202":0,"203":0,"204":0,"207":0,"208":0,"209":0,"210":0,"214":0,"216":0,"217":0,"218":0,"219":0,"220":0,"226":0,"227":0,"228":0,"229":0,"231":0,"232":0,"233":0,"234":0,"235":0,"236":0,"242":0,"243":0,"244":0,"246":0,"249":0,"250":0,"254":0,"267":0,"268":0,"269":0,"272":0,"275":0,"276":0,"278":0,"279":0,"280":0,"281":0,"283":0,"284":0,"285":0,"286":0,"288":0,"296":0,"299":0,"300":0,"301":0,"302":0,"310":0,"312":0,"314":0,"315":0,"316":0,"319":0,"320":0,"324":0,"325":0,"327":0,"328":0,"329":0,"330":0,"335":0,"336":0,"338":0,"342":0,"349":0,"350":0,"351":0,"353":0,"355":0,"357":0,"359":0,"360":0,"361":0,"364":0,"365":0,"377":0,"378":0,"380":0,"381":0,"384":0,"385":0,"388":0,"389":0,"392":0,"393":0,"395":0,"396":0,"397":0,"401":0,"414":0,"415":0,"416":0,"417":0,"419":0,"420":0,"424":0,"425":0,"428":0,"429":0,"430":0,"431":0,"432":0,"435":0,"436":0,"437":0,"439":0,"440":0,"441":0,"442":0,"443":0,"448":0,"449":0,"450":0,"454":0,"455":0,"456":0,"460":0,"468":0,"469":0,"471":0,"479":0,"480":0,"482":0,"483":0,"485":0,"493":0,"494":0,"497":0,"498":0,"499":0,"500":0,"501":0,"505":0,"507":0,"514":0,"515":0,"519":0,"520":0,"524":0,"525":0,"526":0,"530":0,"531":0,"532":0,"536":0,"537":0,"541":0,"542":0,"550":0,"557":0,"561":0,"575":0},"path":"/Users/huangbozhang/Desktop/staking/contracts/core/staking/CoreLiquidStakingManager.sol","s":{"1":0,"2":3,"3":3,"4":3,"5":3,"6":3,"7":3,"8":0,"9":0,"10":0,"11":0,"12":0,"13":0,"14":0,"15":0,"16":0,"17":0,"18":0,"19":0,"20":0,"21":0,"22":0,"23":0,"24":0,"25":0,"26":0,"27":0,"28":0,"29":0,"30":0,"31":0,"32":0,"33":0,"34":0,"35":0,"36":0,"37":0,"38":0,"39":0,"40":0,"41":0,"42":0,"43":0,"44":0,"45":0,"46":0,"47":0,"48":0,"49":0,"50":0,"51":0,"52":0,"53":0,"54":0,"55":0,"56":0,"57":0,"58":0,"59":0,"60":0,"61":0,"62":0,"63":0,"64":0,"65":0,"66":0,"67":0,"68":0,"69":0,"70":0,"71":0,"72":0,"73":0,"74":0,"75":0,"76":0,"77":0,"78":0,"79":0,"80":0,"81":0,"82":0,"83":0,"84":0,"85":0,"86":0,"87":0,"88":0,"89":0,"90":0,"91":0,"92":0,"93":0,"94":0,"95":0,"96":0,"97":0,"98":0,"99":0,"100":0,"101":0,"102":0,"103":0,"104":0,"105":0,"106":0,"107":0,"108":0,"109":0,"110":0,"111":0,"112":0,"113":0,"114":0,"115":0,"116":0,"117":0,"118":0,"119":0,"120":0,"121":0,"122":0,"123":0,"124":0,"125":0,"126":0,"127":0,"128":0,"129":0,"130":0,"131":0,"132":0,"133":0,"134":0,"135":0,"136":0,"137":0,"138":0,"139":0,"140":0,"141":0,"142":0,"143":0,"144":0,"145":0,"146":0,"147":0,"148":0,"149":0,"150":0,"151":0,"152":0},"b":{"1":[0,0],"2":[0,0],"3":[3,0],"4":[3,0],"5":[3,0],"6":[3,0],"7":[0,0],"8":[0,0],"9":[0,0],"10":[0,0],"11":[0,0],"12":[0,0],"13":[0,0],"14":[0,0],"15":[0,0],"16":[0,0],"17":[0,0],"18":[0,0],"19":[0,0],"20":[0,0],"21":[0,0],"22":[0,0],"23":[0,0],"24":[0,0],"25":[0,0],"26":[0,0],"27":[0,0],"28":[0,0],"29":[0,0],"30":[0,0],"31":[0,0],"32":[0,0],"33":[0,0],"34":[0,0],"35":[0,0],"36":[0,0],"37":[0,0],"38":[0,0],"39":[0,0],"40":[0,0],"41":[0,0],"42":[0,0],"43":[0,0],"44":[0,0],"45":[0,0],"46":[0,0],"47":[0,0],"48":[0,0],"49":[0,0],"50":[0,0],"51":[0,0],"52":[0,0],"53":[0,0],"54":[0,0],"55":[0,0],"56":[0,0],"57":[0,0],"58":[0,0],"59":[0,0],"60":[0,0],"61":[0,0],"62":[0,0],"63":[0,0],"64":[0,0],"65":[0,0],"66":[0,0],"67":[0,0],"68":[0,0],"69":[0,0]},"f":{"1":0,"2":3,"3":0,"4":0,"5":0,"6":0,"7":0,"8":0,"9":0,"10":0,"11":0,"12":0,"13":0,"14":0,"15":0,"16":0,"17":0,"18":0,"19":0,"20":0,"21":0,"22":0,"23":0,"24":0},"fnMap":{"1":{"name":"onlyOperator","line":64,"loc":{"start":{"line":64,"column":4},"end":{"line":67,"column":4}}},"2":{"name":"constructor","line":75,"loc":{"start":{"line":69,"column":4},"end":{"line":95,"column":4}}},"3":{"name":"stake","line":101,"loc":{"start":{"line":101,"column":4},"end":{"line":123,"column":4}}},"4":{"name":"requestUnstake","line":129,"loc":{"start":{"line":129,"column":4},"end":{"line":155,"column":4}}},"5":{"name":"fulfillUnstake","line":161,"loc":{"start":{"line":161,"column":4},"end":{"line":176,"column":4}}},"6":{"name":"rebalance","line":182,"loc":{"start":{"line":182,"column":4},"end":{"line":255,"column":4}}},"7":{"name":"manualRebalance","line":265,"loc":{"start":{"line":263,"column":4},"end":{"line":289,"column":4}}},"8":{"name":"afterTurnRound","line":295,"loc":{"start":{"line":295,"column":4},"end":{"line":343,"column":4}}},"9":{"name":"_handleInactiveValidators","line":348,"loc":{"start":{"line":348,"column":4},"end":{"line":370,"column":4}}},"10":{"name":"selectOptimalValidator","line":376,"loc":{"start":{"line":376,"column":4},"end":{"line":402,"column":4}}},"11":{"name":"getOptimalValidatorDistribution","line":409,"loc":{"start":{"line":409,"column":4},"end":{"line":461,"column":4}}},"12":{"name":"getTotalDelegated","line":467,"loc":{"start":{"line":467,"column":4},"end":{"line":472,"column":4}}},"13":{"name":"addValidator","line":478,"loc":{"start":{"line":478,"column":4},"end":{"line":486,"column":4}}},"14":{"name":"removeValidator","line":492,"loc":{"start":{"line":492,"column":4},"end":{"line":508,"column":4}}},"15":{"name":"setRebalanceThreshold","line":513,"loc":{"start":{"line":513,"column":4},"end":{"line":516,"column":4}}},"16":{"name":"setMaxValidatorRisk","line":518,"loc":{"start":{"line":518,"column":4},"end":{"line":521,"column":4}}},"17":{"name":"setProtocolFee","line":523,"loc":{"start":{"line":523,"column":4},"end":{"line":527,"column":4}}},"18":{"name":"setPerformanceFee","line":529,"loc":{"start":{"line":529,"column":4},"end":{"line":533,"column":4}}},"19":{"name":"setTreasury","line":535,"loc":{"start":{"line":535,"column":4},"end":{"line":538,"column":4}}},"20":{"name":"setOperator","line":540,"loc":{"start":{"line":540,"column":4},"end":{"line":543,"column":4}}},"21":{"name":"setUnbondingQueue","line":549,"loc":{"start":{"line":549,"column":4},"end":{"line":551,"column":4}}},"22":{"name":"pause","line":556,"loc":{"start":{"line":556,"column":4},"end":{"line":558,"column":4}}},"23":{"name":"unpause","line":560,"loc":{"start":{"line":560,"column":4},"end":{"line":562,"column":4}}},"24":{"name":"getContractInfo","line":567,"loc":{"start":{"line":567,"column":4},"end":{"line":583,"column":4}}}},"statementMap":{"1":{"start":{"line":65,"column":8},"end":{"line":65,"column":98}},"2":{"start":{"line":76,"column":8},"end":{"line":76,"column":102}},"3":{"start":{"line":77,"column":8},"end":{"line":77,"column":78}},"4":{"start":{"line":78,"column":8},"end":{"line":78,"column":78}},"5":{"start":{"line":86,"column":8},"end":{"line":86,"column":57}},"6":{"start":{"line":89,"column":8},"end":{"line":89,"column":50}},"7":{"start":{"line":92,"column":8},"end":{"line":92,"column":3713}},"8":{"start":{"line":102,"column":8},"end":{"line":102,"column":81}},"9":{"start":{"line":104,"column":8},"end":{"line":104,"column":38}},"10":{"start":{"line":107,"column":8},"end":{"line":107,"column":4271}},"11":{"start":{"line":111,"column":8},"end":{"line":111,"column":82}},"12":{"start":{"line":114,"column":8},"end":{"line":114,"column":65}},"13":{"start":{"line":120,"column":8},"end":{"line":120,"column":71}},"14":{"start":{"line":122,"column":8},"end":{"line":122,"column":57}},"15":{"start":{"line":130,"column":8},"end":{"line":130,"column":86}},"16":{"start":{"line":131,"column":8},"end":{"line":131,"column":115}},"17":{"start":{"line":134,"column":8},"end":{"line":134,"column":67}},"18":{"start":{"line":137,"column":8},"end":{"line":137,"column":72}},"19":{"start":{"line":140,"column":8},"end":{"line":140,"column":5694}},"20":{"start":{"line":141,"column":12},"end":{"line":141,"column":95}},"21":{"start":{"line":142,"column":12},"end":{"line":142,"column":82}},"22":{"start":{"line":145,"column":12},"end":{"line":145,"column":54}},"23":{"start":{"line":153,"column":12},"end":{"line":153,"column":82}},"24":{"start":{"line":162,"column":8},"end":{"line":162,"column":67}},"25":{"start":{"line":163,"column":8},"end":{"line":163,"column":82}},"26":{"start":{"line":164,"column":8},"end":{"line":164,"column":123}},"27":{"start":{"line":170,"column":8},"end":{"line":170,"column":60}},"28":{"start":{"line":173,"column":8},"end":{"line":173,"column":57}},"29":{"start":{"line":175,"column":8},"end":{"line":175,"column":66}},"30":{"start":{"line":183,"column":8},"end":{"line":183,"column":106}},"31":{"start":{"line":186,"column":8},"end":{"line":186,"column":116}},"32":{"start":{"line":189,"column":8},"end":{"line":189,"column":52}},"33":{"start":{"line":192,"column":8},"end":{"line":192,"column":80}},"34":{"start":{"line":193,"column":8},"end":{"line":193,"column":77}},"35":{"start":{"line":194,"column":8},"end":{"line":194,"column":79}},"36":{"start":{"line":195,"column":8},"end":{"line":195,"column":76}},"37":{"start":{"line":197,"column":8},"end":{"line":197,"column":29}},"38":{"start":{"line":198,"column":8},"end":{"line":198,"column":27}},"39":{"start":{"line":201,"column":8},"end":{"line":201,"column":8351}},"40":{"start":{"line":202,"column":12},"end":{"line":202,"column":51}},"41":{"start":{"line":203,"column":12},"end":{"line":203,"column":73}},"42":{"start":{"line":204,"column":12},"end":{"line":204,"column":36}},"43":{"start":{"line":207,"column":12},"end":{"line":207,"column":8655}},"44":{"start":{"line":208,"column":16},"end":{"line":208,"column":8732}},"45":{"start":{"line":214,"column":12},"end":{"line":214,"column":8937}},"46":{"start":{"line":216,"column":16},"end":{"line":216,"column":67}},"47":{"start":{"line":217,"column":16},"end":{"line":217,"column":9125}},"48":{"start":{"line":226,"column":8},"end":{"line":226,"column":9399}},"49":{"start":{"line":227,"column":12},"end":{"line":227,"column":52}},"50":{"start":{"line":228,"column":12},"end":{"line":228,"column":73}},"51":{"start":{"line":229,"column":12},"end":{"line":229,"column":82}},"52":{"start":{"line":231,"column":12},"end":{"line":231,"column":9698}},"53":{"start":{"line":232,"column":16},"end":{"line":232,"column":67}},"54":{"start":{"line":233,"column":16},"end":{"line":233,"column":9823}},"55":{"start":{"line":242,"column":8},"end":{"line":242,"column":10085}},"56":{"start":{"line":243,"column":12},"end":{"line":243,"column":10158}},"57":{"start":{"line":244,"column":16},"end":{"line":244,"column":94}},"58":{"start":{"line":246,"column":16},"end":{"line":246,"column":89}},"59":{"start":{"line":254,"column":8},"end":{"line":254,"column":77}},"60":{"start":{"line":267,"column":8},"end":{"line":267,"column":93}},"61":{"start":{"line":268,"column":8},"end":{"line":268,"column":89}},"62":{"start":{"line":269,"column":8},"end":{"line":269,"column":113}},"63":{"start":{"line":272,"column":8},"end":{"line":272,"column":73}},"64":{"start":{"line":278,"column":8},"end":{"line":278,"column":58}},"65":{"start":{"line":279,"column":8},"end":{"line":279,"column":55}},"66":{"start":{"line":280,"column":8},"end":{"line":280,"column":56}},"67":{"start":{"line":281,"column":8},"end":{"line":281,"column":53}},"68":{"start":{"line":288,"column":8},"end":{"line":288,"column":77}},"69":{"start":{"line":296,"column":8},"end":{"line":296,"column":58}},"70":{"start":{"line":299,"column":8},"end":{"line":299,"column":12545}},"71":{"start":{"line":300,"column":12},"end":{"line":300,"column":51}},"72":{"start":{"line":301,"column":12},"end":{"line":301,"column":12670}},"73":{"start":{"line":302,"column":16},"end":{"line":302,"column":12739}},"74":{"start":{"line":310,"column":8},"end":{"line":310,"column":73}},"75":{"start":{"line":312,"column":8},"end":{"line":312,"column":13068}},"76":{"start":{"line":314,"column":12},"end":{"line":314,"column":71}},"77":{"start":{"line":315,"column":12},"end":{"line":315,"column":77}},"78":{"start":{"line":316,"column":12},"end":{"line":316,"column":62}},"79":{"start":{"line":319,"column":12},"end":{"line":319,"column":13404}},"80":{"start":{"line":320,"column":16},"end":{"line":320,"column":52}},"81":{"start":{"line":324,"column":12},"end":{"line":324,"column":61}},"82":{"start":{"line":325,"column":12},"end":{"line":325,"column":13624}},"83":{"start":{"line":327,"column":16},"end":{"line":327,"column":67}},"84":{"start":{"line":328,"column":16},"end":{"line":328,"column":13795}},"85":{"start":{"line":329,"column":20},"end":{"line":329,"column":88}},"86":{"start":{"line":335,"column":12},"end":{"line":335,"column":83}},"87":{"start":{"line":336,"column":12},"end":{"line":336,"column":60}},"88":{"start":{"line":338,"column":12},"end":{"line":338,"column":78}},"89":{"start":{"line":342,"column":8},"end":{"line":342,"column":34}},"90":{"start":{"line":349,"column":8},"end":{"line":349,"column":14623}},"91":{"start":{"line":350,"column":12},"end":{"line":350,"column":51}},"92":{"start":{"line":351,"column":12},"end":{"line":351,"column":75}},"93":{"start":{"line":353,"column":12},"end":{"line":353,"column":14838}},"94":{"start":{"line":355,"column":16},"end":{"line":355,"column":87}},"95":{"start":{"line":357,"column":16},"end":{"line":357,"column":15033}},"96":{"start":{"line":359,"column":20},"end":{"line":359,"column":71}},"97":{"start":{"line":360,"column":20},"end":{"line":360,"column":15209}},"98":{"start":{"line":361,"column":24},"end":{"line":361,"column":99}},"99":{"start":{"line":377,"column":8},"end":{"line":377,"column":29}},"100":{"start":{"line":378,"column":8},"end":{"line":378,"column":42}},"101":{"start":{"line":380,"column":8},"end":{"line":380,"column":15977}},"102":{"start":{"line":381,"column":12},"end":{"line":381,"column":58}},"103":{"start":{"line":384,"column":12},"end":{"line":384,"column":90}},"104":{"start":{"line":385,"column":12},"end":{"line":385,"column":35}},"105":{"start":{"line":388,"column":12},"end":{"line":388,"column":91}},"106":{"start":{"line":389,"column":12},"end":{"line":389,"column":55}},"107":{"start":{"line":392,"column":12},"end":{"line":392,"column":88}},"108":{"start":{"line":393,"column":12},"end":{"line":393,"column":56}},"109":{"start":{"line":395,"column":12},"end":{"line":395,"column":16754}},"110":{"start":{"line":401,"column":8},"end":{"line":401,"column":28}},"111":{"start":{"line":414,"column":8},"end":{"line":414,"column":30}},"112":{"start":{"line":415,"column":8},"end":{"line":415,"column":17388}},"113":{"start":{"line":416,"column":12},"end":{"line":416,"column":93}},"114":{"start":{"line":417,"column":12},"end":{"line":417,"column":94}},"115":{"start":{"line":419,"column":12},"end":{"line":419,"column":17664}},"116":{"start":{"line":424,"column":8},"end":{"line":424,"column":17779}},"117":{"start":{"line":425,"column":12},"end":{"line":425,"column":55}},"118":{"start":{"line":430,"column":8},"end":{"line":430,"column":62}},"119":{"start":{"line":431,"column":8},"end":{"line":431,"column":33}},"120":{"start":{"line":432,"column":8},"end":{"line":432,"column":25}},"121":{"start":{"line":435,"column":8},"end":{"line":435,"column":18175}},"122":{"start":{"line":436,"column":12},"end":{"line":436,"column":93}},"123":{"start":{"line":437,"column":12},"end":{"line":437,"column":94}},"124":{"start":{"line":439,"column":12},"end":{"line":439,"column":18451}},"125":{"start":{"line":448,"column":8},"end":{"line":448,"column":18824}},"126":{"start":{"line":449,"column":12},"end":{"line":449,"column":18865}},"127":{"start":{"line":454,"column":12},"end":{"line":454,"column":56}},"128":{"start":{"line":455,"column":12},"end":{"line":455,"column":19129}},"129":{"start":{"line":460,"column":8},"end":{"line":460,"column":40}},"130":{"start":{"line":468,"column":8},"end":{"line":468,"column":19504}},"131":{"start":{"line":471,"column":8},"end":{"line":471,"column":20}},"132":{"start":{"line":479,"column":8},"end":{"line":479,"column":79}},"133":{"start":{"line":480,"column":8},"end":{"line":480,"column":92}},"134":{"start":{"line":482,"col
[...]
e":100,"column":12},"end":{"line":100,"column":56}},"16":{"start":{"line":108,"column":8},"end":{"line":108,"column":44}},"17":{"start":{"line":109,"column":8},"end":{"line":109,"column":66}},"18":{"start":{"line":110,"column":8},"end":{"line":110,"column":73}},"19":{"start":{"line":112,"column":8},"end":{"line":112,"column":3462}},"20":{"start":{"line":114,"column":12},"end":{"line":114,"column":78}},"21":{"start":{"line":118,"column":12},"end":{"line":118,"column":79}},"22":{"start":{"line":122,"column":8},"end":{"line":122,"column":47}},"23":{"start":{"line":136,"column":8},"end":{"line":136,"column":49}},"24":{"start":{"line":137,"column":8},"end":{"line":137,"column":55}},"25":{"start":{"line":138,"column":8},"end":{"line":138,"column":51}},"26":{"start":{"line":139,"column":8},"end":{"line":139,"column":55}},"27":{"start":{"line":140,"column":8},"end":{"line":140,"column":49}},"28":{"start":{"line":141,"column":8},"end":{"line":141,"column":49}}},"branchMap":{"1":{"line":75,"type":"if","locations":[{"start":{"line":75,"column":8},"end":{"line":75,"column":8}},{"start":{"line":75,"column":8},"end":{"line":75,"column":8}}]},"2":{"line":82,"type":"if","locations":[{"start":{"line":82,"column":67},"end":{"line":82,"column":67}},{"start":{"line":82,"column":67},"end":{"line":82,"column":67}}]},"3":{"line":83,"type":"if","locations":[{"start":{"line":83,"column":8},"end":{"line":83,"column":8}},{"start":{"line":83,"column":8},"end":{"line":83,"column":8}}]},"4":{"line":94,"type":"if","locations":[{"start":{"line":94,"column":15},"end":{"line":94,"column":15}},{"start":{"line":94,"column":15},"end":{"line":94,"column":15}}]},"5":{"line":95,"type":"if","locations":[{"start":{"line":95,"column":8},"end":{"line":95,"column":8}},{"start":{"line":95,"column":8},"end":{"line":95,"column":8}}]},"6":{"line":98,"type":"if","locations":[{"start":{"line":98,"column":12},"end":{"line":98,"column":12}},{"start":{"line":98,"column":12},"end":{"line":98,"column":12}}]},"7":{"line":107,"type":"if","locations":[{"start":{"line":107,"column":85},"end":{"line":107,"column":85}},{"start":{"line":107,"column":85},"end":{"line":107,"column":85}}]},"8":{"line":109,"type":"if","locations":[{"start":{"line":109,"column":8},"end":{"line":109,"column":8}},{"start":{"line":109,"column":8},"end":{"line":109,"column":8}}]},"9":{"line":110,"type":"if","locations":[{"start":{"line":110,"column":8},"end":{"line":110,"column":8}},{"start":{"line":110,"column":8},"end":{"line":110,"column":8}}]},"10":{"line":112,"type":"if","locations":[{"start":{"line":112,"column":8},"end":{"line":112,"column":8}},{"start":{"line":112,"column":8},"end":{"line":112,"column":8}}]},"11":{"line":128,"type":"if","locations":[{"start":{"line":128,"column":40},"end":{"line":128,"column":40}},{"start":{"line":128,"column":40},"end":{"line":128,"column":40}}]}}},"contracts/testing/mocks/MockTokens.sol":{"l":{"14":0,"21":0,"28":0,"29":0,"40":0,"47":0,"54":0,"55":0,"62":0},"path":"/Users/huangbozhang/Desktop/staking/contracts/testing/mocks/MockTokens.sol","s":{"1":0,"2":0,"3":0,"4":0,"5":0,"6":0,"7":0,"8":0,"9":0},"b":{"1":[0,0],"2":[0,0],"3":[0,0],"4":[0,0]},"f":{"1":0,"2":0,"3":0,"4":0,"5":0,"6":0,"7":0},"fnMap":{"1":{"name":"constructor","line":12,"loc":{"start":{"line":12,"column":4},"end":{"line":15,"column":4}}},"2":{"name":"mint","line":20,"loc":{"start":{"line":20,"column":4},"end":{"line":22,"column":4}}},"3":{"name":"faucet","line":27,"loc":{"start":{"line":27,"column":4},"end":{"line":30,"column":4}}},"4":{"name":"constructor","line":38,"loc":{"start":{"line":38,"column":4},"end":{"line":41,"column":4}}},"5":{"name":"mint","line":46,"loc":{"start":{"line":46,"column":4},"end":{"line":48,"column":4}}},"6":{"name":"faucet","line":53,"loc":{"start":{"line":53,"column":4},"end":{"line":56,"column":4}}},"7":{"name":"decimals","line":61,"loc":{"start":{"line":61,"column":4},"end":{"line":63,"column":4}}}},"statementMap":{"1":{"start":{"line":14,"column":8},"end":{"line":14,"column":52}},"2":{"start":{"line":21,"column":8},"end":{"line":21,"column":24}},"3":{"start":{"line":28,"column":8},"end":{"line":28,"column":90}},"4":{"start":{"line":29,"column":8},"end":{"line":29,"column":46}},"5":{"start":{"line":40,"column":8},"end":{"line":40,"column":49}},"6":{"start":{"line":47,"column":8},"end":{"line":47,"column":24}},"7":{"start":{"line":54,"column":8},"end":{"line":54,"column":88}},"8":{"start":{"line":55,"column":8},"end":{"line":55,"column":44}},"9":{"start":{"line":62,"column":8},"end":{"line":62,"column":16}}},"branchMap":{"1":{"line":20,"type":"if","locations":[{"start":{"line":20,"column":55},"end":{"line":20,"column":55}},{"start":{"line":20,"column":55},"end":{"line":20,"column":55}}]},"2":{"line":28,"type":"if","locations":[{"start":{"line":28,"column":8},"end":{"line":28,"column":8}},{"start":{"line":28,"column":8},"end":{"line":28,"column":8}}]},"3":{"line":46,"type":"if","locations":[{"start":{"line":46,"column":55},"end":{"line":46,"column":55}},{"start":{"line":46,"column":55},"end":{"line":46,"column":55}}]},"4":{"line":54,"type":"if","locations":[{"start":{"line":54,"column":8},"end":{"line":54,"column":8}},{"start":{"line":54,"column":8},"end":{"line":54,"column":8}}]}}},"contracts/testing/mocks/TestBTC.sol":{"l":{"23":6,"27":0,"34":0,"35":0,"40":0,"41":0,"43":0,"50":35,"57":0,"65":0,"66":0,"68":0,"75":0,"82":0},"path":"/Users/huangbozhang/Desktop/staking/contracts/testing/mocks/TestBTC.sol","s":{"1":6,"2":0,"3":0,"4":0,"5":0,"6":0,"7":35,"8":0,"9":0,"10":0,"11":0,"12":0},"b":{"1":[0,0],"2":[0,0],"3":[35,0],"4":[0,0],"5":[0,0],"6":[0,0]},"f":{"1":6,"2":0,"3":0,"4":35,"5":0,"6":0,"7":0,"8":0},"fnMap":{"1":{"name":"constructor","line":21,"loc":{"start":{"line":21,"column":4},"end":{"line":24,"column":4}}},"2":{"name":"decimals","line":26,"loc":{"start":{"line":26,"column":4},"end":{"line":28,"column":4}}},"3":{"name":"faucet","line":33,"loc":{"start":{"line":33,"column":4},"end":{"line":44,"column":4}}},"4":{"name":"mint","line":49,"loc":{"start":{"line":49,"column":4},"end":{"line":51,"column":4}}},"5":{"name":"canUseFaucet","line":56,"loc":{"start":{"line":56,"column":4},"end":{"line":59,"column":4}}},"6":{"name":"getRemainingCooldown","line":64,"loc":{"start":{"line":64,"column":4},"end":{"line":69,"column":4}}},"7":{"name":"resetCooldown","line":74,"loc":{"start":{"line":74,"column":4},"end":{"line":76,"column":4}}},"8":{"name":"burnFrom","line":81,"loc":{"start":{"line":81,"column":4},"end":{"line":83,"column":4}}}},"statementMap":{"1":{"start":{"line":23,"column":8},"end":{"line":23,"column":38}},"2":{"start":{"line":27,"column":8},"end":{"line":27,"column":24}},"3":{"start":{"line":34,"column":8},"end":{"line":34,"column":80}},"4":{"start":{"line":35,"column":8},"end":{"line":35,"column":1226}},"5":{"start":{"line":41,"column":8},"end":{"line":41,"column":39}},"6":{"start":{"line":43,"column":8},"end":{"line":43,"column":50}},"7":{"start":{"line":50,"column":8},"end":{"line":50,"column":24}},"8":{"start":{"line":57,"column":8},"end":{"line":57,"column":1919}},"9":{"start":{"line":65,"column":8},"end":{"line":65,"column":2138}},"10":{"start":{"line":66,"column":12},"end":{"line":66,"column":20}},"11":{"start":{"line":68,"column":8},"end":{"line":68,"column":73}},"12":{"start":{"line":82,"column":8},"end":{"line":82,"column":26}}},"branchMap":{"1":{"line":34,"type":"if","locations":[{"start":{"line":34,"column":8},"end":{"line":34,"column":8}},{"start":{"line":34,"column":8},"end":{"line":34,"column":8}}]},"2":{"line":35,"type":"if","locations":[{"start":{"line":35,"column":8},"end":{"line":35,"column":8}},{"start":{"line":35,"column":8},"end":{"line":35,"column":8}}]},"3":{"line":49,"type":"if","locations":[{"start":{"line":49,"column":55},"end":{"line":49,"column":55}},{"start":{"line":49,"column":55},"end":{"line":49,"column":55}}]},"4":{"line":65,"type":"if","locations":[{"start":{"line":65,"column":8},"end":{"line":65,"column":8}},{"start":{"line":65,"column":8},"end":{"line":65,"column":8}}]},"5":{"line":74,"type":"if","locations":[{"start":{"line":74,"column":50},"end":{"line":74,"column":50}},{"start":{"line":74,"column":50},"end":{"line":74,"column":50}}]},"6":{"line":81,"type":"if","locations":[{"start":{"line":81,"column":61},"end":{"line":81,"column":61}},{"start":{"line":81,"column":61},"end":{"line":81,"column":61}}]}}},"contracts/utils/CoreDAOEcosystemConfig.sol":{"l":{"54":0,"55":0,"59":0,"62":0,"73":0,"76":0,"87":0,"90":0,"101":0,"104":0,"115":0,"118":0,"129":0,"133":0,"136":0,"147":0,"156":0,"157":0,"158":0,"159":0,"160":0,"167":0,"174":0,"175":0,"176":0,"177":0,"184":0,"191":0,"198":0,"205":0,"212":0,"221":0,"222":0,"223":0,"224":0,"225":0,"232":0,"239":0,"248":0,"249":0,"252":0,"253":0,"254":0,"255":0,"257":0,"258":0,"259":0,"260":0,"262":0},"path":"/Users/huangbozhang/Desktop/staking/contracts/utils/CoreDAOEcosystemConfig.sol","s":{"1":0,"2":0,"3":0,"4":0,"5":0,"6":0,"7":0,"8":0,"9":0,"10":0,"11":0,"12":0,"13":0,"14":0,"15":0,"16":0,"17":0,"18":0,"19":0,"20":0,"21":0,"22":0,"23":0,"24":0,"25":0},"b":{},"f":{"1":0,"2":0,"3":0,"4":0,"5":0,"6":0,"7":0,"8":0,"9":0,"10":0,"11":0,"12":0,"13":0,"14":0,"15":0},"fnMap":{"1":{"name":"constructor","line":53,"loc":{"start":{"line":53,"column":4},"end":{"line":56,"column":4}}},"2":{"name":"_initializeMainnet","line":58,"loc":{"start":{"line":58,"column":4},"end":{"line":130,"column":4}}},"3":{"name":"_initializeTestnet","line":132,"loc":{"start":{"line":132,"column":4},"end":{"line":148,"column":4}}},"4":{"name":"getBTCTokens","line":155,"loc":{"start":{"line":155,"column":4},"end":{"line":161,"column":4}}},"5":{"name":"getPrimaryLSTBTC","line":166,"loc":{"start":{"line":166,"column":4},"end":{"line":168,"column":4}}},"6":{"name":"getStablecoins","line":173,"loc":{"start":{"line":173,"column":4},"end":{"line":178,"column":4}}},"7":{"name":"getTestnetFaucet","line":183,"loc":{"start":{"line":183,"column":4},"end":{"line":185,"column":4}}},"8":{"name":"isBTCBacked","line":190,"loc":{"start":{"line":190,"column":4},"end":{"line":192,"column":4}}},"9":{"name":"isLiquidStaking","line":197,"loc":{"start":{"line":197,"column":4},"end":{"line":199,"column":4}}},"10":{"name":"getTokenConfig","line":204,"loc":{"start":{"line":204,"column":4},"end":{"line":206,"column":4}}},"11":{"name":"getSupportedTokens","line":211,"loc":{"start":{"line":211,"column":4},"end":{"line":213,"column":4}}},"12":{"name":"getLstBTCCustodians","line":220,"loc":{"start":{"line":220,"column":4},"end":{"line":226,"column":4}}},"13":{"name":"getLstBTCYieldManager","line":231,"loc":{"start":{"line":231,"column":4},"end":{"line":233,"column":4}}},"14":{"name":"supportsRealLstBTC","line":238,"loc":{"start":{"line":238,"column":4},"end":{"line":240,"column":4}}},"15":{"name":"getOptimalAllocation","line":247,"loc":{"start":{"line":247,"column":4},"end":{"line":263,"column":4}}}},"statementMap":{"1":{"start":{"line":54,"column":8},"end":{"line":54,"column":27}},"2":{"start":{"line":55,"column":8},"end":{"line":55,"column":27}},"3":{"start":{"line":59,"column":8},"end":{"line":59,"column":32}},"4":{"start":{"line":73,"column":8},"end":{"line":73,"column":47}},"5":{"start":{"line":87,"column":8},"end":{"line":87,"column":43}},"6":{"start":{"line":101,"column":8},"end":{"line":101,"column":44}},"7":{"start":{"line":115,"column":8},"end":{"line":115,"column":40}},"8":{"start":{"line":129,"column":8},"end":{"line":129,"column":40}},"9":{"start":{"line":133,"column":8},"end":{"line":133,"column":32}},"10":{"start":{"line":147,"column":8},"end":{"line":147,"column":42}},"11":{"start":{"line":156,"column":8},"end":{"line":156,"column":53}},"12":{"start":{"line":160,"column":8},"end":{"line":160,"column":24}},"13":{"start":{"line":167,"column":8},"end":{"line":167,"column":22}},"14":{"start":{"line":174,"column":8},"end":{"line":174,"column":51}},"15":{"start":{"line":177,"column":8},"end":{"line":177,"column":22}},"16":{"start":{"line":184,"column":8},"end":{"line":184,"column":29}},"17":{"start":{"line":191,"column":8},"end":{"line":191,"column":46}},"18":{"start":{"line":198,"column":8},"end":{"line":198,"column":50}},"19":{"start":{"line":205,"column":8},"end":{"line":205,"column":34}},"20":{"start":{"line":212,"column":8},"end":{"line":212,"column":35}},"21":{"start":{"line":221,"column":8},"end":{"line":221,"column":52}},"22":{"start":{"line":225,"column":8},"end":{"line":225,"column":25}},"23":{"start":{"line":232,"column":8},"end":{"line":232,"column":30}},"24":{"start":{"line":239,"column":8},"end":{"line":239,"column":30}},"25":{"start":{"line":262,"column":8},"end":{"line":262,"column":36}}},"branchMap":{}},"contracts/utils/CoreDAOTokenConfig.sol":{"l":{"44":0,"49":0,"60":0,"71":0,"86":0,"93":0,"100":0,"107":0,"108":0,"109":0,"110":0,"111":0,"118":0,"119":0,"120":0,"121":0,"128":0,"137":0,"144":0,"151":0},"path":"/Users/huangbozhang/Desktop/staking/contracts/utils/CoreDAOTokenConfig.sol","s":{"1":0,"2":0,"3":0,"4":0,"5":0,"6":0,"7":0,"8":0,"9":0,"10":0},"b":{"1":[0,0],"2":[0,0],"3":[0,0]},"f":{"1":0,"2":0,"3":0,"4":0,"5":0,"6":0,"7":0,"8":0,"9":0,"10":0,"11":0},"fnMap":{"1":{"name":"constructor","line":42,"loc":{"start":{"line":42,"column":4},"end":{"line":45,"column":4}}},"2":{"name":"_initializeTokenInfo","line":47,"loc":{"start":{"line":47,"column":4},"end":{"line":80,"column":4}}},"3":{"name":"getTokenInfo","line":85,"loc":{"start":{"line":85,"column":4},"end":{"line":87,"column":4}}},"4":{"name":"isNativeToken","line":92,"loc":{"start":{"line":92,"column":4},"end":{"line":94,"column":4}}},"5":{"name":"isBridgedToken","line":99,"loc":{"start":{"line":99,"column":4},"end":{"line":101,"column":4}}},"6":{"name":"getSupportedBTCTokens","line":106,"loc":{"start":{"line":106,"column":4},"end":{"line":112,"column":4}}},"7":{"name":"getSupportedStablecoins","line":117,"loc":{"start":{"line":117,"column":4},"end":{"line":122,"column":4}}},"8":{"name":"isBTCToken","line":127,"loc":{"start":{"line":127,"column":4},"end":{"line":131,"column":4}}},"9":{"name":"isStablecoin","line":136,"loc":{"start":{"line":136,"column":4},"end":{"line":138,"column":4}}},"10":{"name":"getPrimaryBTCToken","line":143,"loc":{"start":{"line":143,"column":4},"end":{"line":145,"column":4}}},"11":{"name":"getPrimaryStablecoin","line":150,"loc":{"start":{"line":150,"column":4},"end":{"line":152,"column":4}}}},"statementMap":{"1":{"start":{"line":44,"column":8},"end":{"line":44,"column":29}},"2":{"start":{"line":86,"column":8},"end":{"line":86,"column":31}},"3":{"start":{"line":93,"column":8},"end":{"line":93,"column":35}},"4":{"start":{"line":100,"column":8},"end":{"line":100,"column":41}},"5":{"start":{"line":111,"column":8},"end":{"line":111,"column":24}},"6":{"start":{"line":121,"column":8},"end":{"line":121,"column":26}},"7":{"start":{"line":128,"column":8},"end":{"line":128,"column":4356}},"8":{"start":{"line":137,"column":8},"end":{"line":137,"column":55}},"9":{"start":{"line":144,"column":8},"end":{"line":144,"column":28}},"10":{"start":{"line":151,"column":8},"end":{"line":151,"column":24}}},"branchMap":{"1":{"line":128,"type":"cond-expr","locations":[{"start":{"line":128,"column":15},"end":{"line":128,"column":36}},{"start":{"line":129,"column":15},"end":{"line":129,"column":34}}]},"2":{"line":128,"type":"cond-expr","locations":[{"start":{"line":128,"column":15},"end":{"line":129,"column":34}},{"start":{"line":130,"column":15},"end":{"line":130,"column":31}}]},"3":{"line":137,"type":"cond-expr","locations":[{"start":{"line":137,"column":15},"end":{"line":137,"column":32}},{"start":{"line":137,"column":37},"end":{"line":137,"column":54}}]}}},"contracts/utils/deployment/DeploymentScript.sol":{"l":{"54":0,"55":0,"58":0,"59":0,"60":0,"61":0,"62":0,"69":0,"72":0,"75":0,"82":0,"83":0,"92":0,"101":0,"110":0,"121":0,"128":0,"130":0,"136":0,"140":0,"144":0,"148":0,"152":0,"156":0,"160":0,"164":0,"168":0,"172":0,"176":0,"186":0,"197":0,"208":0,"220":0,"228":0,"265":0,"266":0,"267":0,"268":0,"269":0,"270":0,"271":0,"272":0,"273":0,"274":0,"275":0,"276":0,"277":0,"278":0,"279":0,"280":0,"281":0},"path":"/Users/huangbozhang/Desktop/staking/contracts/utils/deployment/DeploymentScript.sol","s":{"1":0,"2":0,"3":0,"4":0,"5":0,"6":0,"7":0,"8":0,"9":0,"10":0,"11":0,"12":0,"13":0,"14":0,"15":0,"16":0,"17":0,"18":0,"19":0},"b":{},"f":{"1":0,"2":0,"3":0,"4":0,"5":0,"6":0,"7":0,"8":0,"9":0,"10":0,"11":0,"12":0,"13":0,"14":0,"15":0,"16":0,"17":0,"18":0,"19":0},"fnMap":{"1":{"name":"deployAll","line":47,"loc":{"start":{"line":47,"column":4},"end":{"line":131,"column":4}}},"2":{"name":"deployPriceFeed","line":133,"loc":{"start":{"line":133,"column":4},"end":{"line":137,"column":4}}},"3":{"name":"deployUnbondingQueue","line":139,"loc":{"start":{"line":139,"column":4},"end":{"line":141,"column":4}}},"4":{"name":"deployMockCoreToken","line":143,"loc":{"start":{"line":143,"column":4},"end":{"line":145,"column":4}}},"5":{"name":"deployMockBTCToken","line":147,"loc":{"start":{"line":147,"column":4},"end":{"line":149,"column":4}}},"6":{"name":"deployMockCoreStaking","line":151,"loc":{"start":{"line":151,"column":4},"end":{"line":153,"column":4}}},"7":{"name":"deployMockLstBTC","line":155,"loc":{"start":{"line":155,"column":4},"end":{"line":157,"column":4}}},"8":{"name":"deployMockDualStaking","line":159,"loc":{"start":{"line":159,"column":4},"end":{"line":161,"column":4}}},"9":{"name":"deployStakeBasketToken","line":163,"loc":{"start":{"line":163,"column":4},"end":{"line":165,"column":4}}},"10":{"name":"deployBasketStaking","line":167,"loc":{"start":{"line":167,"column":4},"end":{"line":169,"column":4}}},"11":{"name":"deployBasketGovernance","line":171,"loc":{"start":{"line":171,"column":4},"end":{"line":173,"column":4}}},"12":{"name":"deployStCoreToken","line":175,"loc":{"start":{"line":175,"column":4},"end":{"line":177,"column":4}}},"13":{"name":"deployCoreLiquidStakingManager","line":179,"loc":{"start":{"line":179,"column":4},"end":{"line":187,"column":4}}},"14":{"name":"deployStakingManager","line":189,"loc":{"start":{"line":189,"column":4},"end":{"line":198,"column":4}}},"15":{"name":"deployStakeBasket","line":200,"loc":{"start":{"line":200,"column":4},"end":{"line":209,"column":4}}},"16":{"name":"deployDualStakingBasket","line":211,"loc":{"start":{"line":211,"column":4},"end":{"line":221,"column":4}}},"17":{"name":"deployCoreDAOGovernanceProxy","line":223,"loc":{"start":{"line":223,"column":4},"end":{"line":229,"column":4}}},"18":{"name":"initializeContracts","line":234,"loc":{"start":{"line":234,"column":4},"end":{"line":259,"column":4}}},"19":{"name":"getDeploymentOrder","line":264,"loc":{"start":{"line":264,"column":4},"end":{"line":282,"column":4}}}},"statementMap":{"1":{"start":{"line":128,"column":8},"end":{"line":128,"column":47}},"2":{"start":{"line":130,"column":8},"end":{"line":130,"column":24}},"3":{"start":{"line":136,"column":8},"end":{"line":136,"column":25}},"4":{"start":{"line":140,"column":8},"end":{"line":140,"column":25}},"5":{"start":{"line":144,"column":8},"end":{"line":144,"column":25}},"6":{"start":{"line":148,"column":8},"end":{"line":148,"column":25}},"7":{"start":{"line":152,"column":8},"end":{"line":152,"column":25}},"8":{"start":{"line":156,"column":8},"end":{"line":156,"column":25}},"9":{"start":{"line":160,"column":8},"end":{"line":160,"column":25}},"10":{"start":{"line":164,"column":8},"end":{"line":164,"column":25}},"11":{"start":{"line":168,"column":8},"end":{"line":168,"column":25}},"12":{"start":{"line":172,"column":8},"end":{"line":172,"column":25}},"13":{"start":{"line":176,"column":8},"end":{"line":176,"column":25}},"14":{"start":{"line":186,"column":8},"end":{"line":186,"column":25}},"15":{"start":{"line":197,"column":8},"end":{"line":197,"column":25}},"16":{"start":{"line":208,"column":8},"end":{"line":208,"column":25}},"17":{"start":{"line":220,"column":8},"end":{"line":220,"column":25}},"18":{"start":{"line":228,"column":8},"end":{"line":228,"column":25}},"19":{"start":{"line":281,"column":8},"end":{"line":281,"column":20}}},"branchMap":{}}}